<?xml version="1.0" encoding="utf-8"?><testsuites name="pytest tests"><testsuite name="pytest" errors="0" failures="0" skipped="0" tests="213" time="14.008" timestamp="2026-09-12T17:04:01.722037+00:00" hostname="gbt350-odcdh1-a08-1.png-odc.dcgpu"><testcase classname="registered.unit.entrypoints.openai.test_protocol.TestModelCard" name="test_model_card_serialization" time="0.001" /><testcase classname="registered.unit.entrypoints.openai.test_protocol.TestModelList" name="test_empty_model_list" time="0.000" /><testcase classname="registered.unit.entrypoints.openai.test_protocol.TestModelList" name="test_model_list_with_cards" time="0.000" /><testcase classname="registered.unit.entrypoints.openai.test_protocol.TestCompletionRequest" name="test_basic_completion_request" time="0.000" /><testcase classname="registered.unit.entrypoints.openai.test_protocol.TestCompletionRequest" name="test_completion_request_sglang_extensions" time="0.000" /><testcase classname="registered.unit.entrypoints.openai.test_protocol.TestCompletionRequest" name="test_completion_request_validation_errors" time="0.000" /><testcase classname="registered.unit.entrypoints.openai.test_protocol.TestChatCompletionRequest" name="test_basic_chat_completion_request" time="0.001" /><testcase classname="registered.unit.entrypoints.openai.test_protocol.TestChatCompletionRequest" name="test_chat_completion_accepts_ordered_thinking_parts" time="0.000" /><testcase classname="registered.unit.entrypoints.openai.test_protocol.TestChatCompletionRequest" name="test_chat_completion_extended_reasoning_effort_levels" time="0.001" /><testcase classname="registered.unit.entrypoints.openai.test_protocol.TestChatCompletionRequest" name="test_chat_completion_json_format" time="0.002" /><testcase classname="registered.unit.entrypoints.openai.test_protocol.TestChatCompletionRequest" name="test_chat_completion_reasoning_effort" time="0.000" /><testcase classname="registered.unit.entrypoints.openai.test_protocol.TestChatCompletionRequest" name="test_chat_completion_reasoning_effort_high_enables_thinking" time="0.000" /><testcase classname="registered.unit.entrypoints.openai.test_protocol.TestChatCompletionRequest" name="test_chat_completion_reasoning_effort_is_strictly_validated" time="0.001" /><testcase classname="registered.unit.entrypoints.openai.test_protocol.TestChatCompletionRequest" name="test_chat_completion_reasoning_effort_none" time="0.000" /><testcase classname="registered.unit.entrypoints.openai.test_protocol.TestChatCompletionRequest" name="test_chat_completion_reasoning_effort_none_from_reasoning_dict" time="0.000" /><testcase classname="registered.unit.entrypoints.openai.test_protocol.TestChatCompletionRequest" name="test_chat_completion_reasoning_effort_none_overrides_enabled" time="0.000" /><testcase classname="registered.unit.entrypoints.openai.test_protocol.TestChatCompletionRequest" name="test_chat_completion_rejects_thinking_parts_outside_assistant" time="0.001" /><testcase classname="registered.unit.entrypoints.openai.test_protocol.TestChatCompletionRequest" name="test_chat_completion_sglang_extensions" time="0.000" /><testcase classname="registered.unit.entrypoints.openai.test_protocol.TestChatCompletionRequest" name="test_chat_completion_tito_extensions" time="0.000" /><testcase classname="registered.unit.entrypoints.openai.test_protocol.TestChatCompletionRequest" name="test_chat_completion_tool_choice_validation" time="0.000" /><testcase classname="registered.unit.entrypoints.openai.test_protocol.TestChatCompletionRequest" name="test_image_content_hash_validation" time="0.000" /><testcase classname="registered.unit.entrypoints.openai.test_protocol.TestChatCompletionRequest" name="test_json_schema_strict_requires_json_boolean" time="0.001" /><testcase classname="registered.unit.entrypoints.openai.test_protocol.TestChatCompletionRequest" name="test_non_strict_response_format_constraint_gated_on_renderer" time="0.000" /><testcase classname="registered.unit.entrypoints.openai.test_protocol.TestChatCompletionRequest" name="test_sampling_param_build" time="0.000" /><testcase classname="registered.unit.entrypoints.openai.test_protocol.TestChatCompletionRequest" name="test_schema_derived_strict_false_constraint_gated_on_renderer" time="0.001" /><testcase classname="registered.unit.entrypoints.openai.test_protocol.TestAudioContentParts" name="test_audio_url_passes_through_unchanged" time="0.001" /><testcase classname="registered.unit.entrypoints.openai.test_protocol.TestAudioContentParts" name="test_audio_url_requires_a_payload" time="0.000" /><testcase classname="registered.unit.entrypoints.openai.test_protocol.TestAudioContentParts" name="test_input_audio_converted_to_data_uri" time="0.000" /><testcase classname="registered.unit.entrypoints.openai.test_protocol.TestAudioContentParts" name="test_input_audio_mp3_uses_registered_mime_type" time="0.000" /><testcase classname="registered.unit.entrypoints.openai.test_protocol.TestAudioContentParts" name="test_input_audio_rejects_unsupported_format" time="0.000" /><testcase classname="registered.unit.entrypoints.openai.test_protocol.TestAudioContentParts" name="test_input_audio_requires_a_payload" time="0.000" /><testcase classname="registered.unit.entrypoints.openai.test_protocol.TestAudioContentParts" name="test_schema_advertises_both_spellings" time="0.001" /><testcase classname="registered.unit.entrypoints.openai.test_protocol.TestModelSerialization" name="test_hidden_states_excluded_when_none" time="0.000" /><testcase classname="registered.unit.entrypoints.openai.test_protocol.TestModelSerialization" name="test_hidden_states_included_when_not_none" time="0.000" /><testcase classname="registered.unit.entrypoints.openai.test_protocol.TestModelSerialization" name="test_prompt_token_ids_and_meta_info_serialization" time="0.000" /><testcase classname="registered.unit.entrypoints.openai.test_protocol.TestFunctionDeferLoading" name="test_function_defaults_preserve_strict" time="0.000" /><testcase classname="registered.unit.entrypoints.openai.test_protocol.TestFunctionDeferLoading" name="test_function_defer_loading_false_serialized" time="0.000" /><testcase classname="registered.unit.entrypoints.openai.test_protocol.TestFunctionDeferLoading" name="test_function_defer_loading_true_serialized" time="0.000" /><testcase classname="registered.unit.entrypoints.openai.test_protocol.TestFunctionDeferLoading" name="test_function_level_defer_loading_wins_over_tool_level" time="0.000" /><testcase classname="registered.unit.entrypoints.openai.test_protocol.TestFunctionDeferLoading" name="test_tool_level_defer_loading_propagates_to_function" time="0.000" /><testcase classname="registered.unit.entrypoints.openai.test_protocol.TestFunctionDeferLoading" name="test_tool_reference_content_part_accepted" time="0.000" /><testcase classname="registered.unit.entrypoints.openai.test_protocol.TestValidationEdgeCases" name="test_cache_id_is_preserved_for_every_chat_media_type" time="0.000" /><testcase classname="registered.unit.entrypoints.openai.test_protocol.TestValidationEdgeCases" name="test_cache_id_rejects_empty_and_oversized_values" time="0.000" /><testcase classname="registered.unit.entrypoints.openai.test_protocol.TestValidationEdgeCases" name="test_invalid_tool_choice_type" time="0.000" /><testcase classname="registered.unit.entrypoints.openai.test_protocol.TestValidationEdgeCases" name="test_negative_token_limits" time="0.000" /><testcase classname="registered.unit.entrypoints.openai.test_protocol.TestValidationEdgeCases" name="test_responses_input_image_retains_cache_id_for_replay" time="0.000" /><testcase classname="registered.unit.parser.test_jinja_template_utils.TestTemplateContentFormatDetection" name="test_detect_deepseek_string_format" time="0.002" /><testcase classname="registered.unit.parser.test_jinja_template_utils.TestTemplateContentFormatDetection" name="test_detect_empty_template" time="0.001" /><testcase classname="registered.unit.parser.test_jinja_template_utils.TestTemplateContentFormatDetection" name="test_detect_invalid_template" time="0.001" /><testcase classname="registered.unit.parser.test_jinja_template_utils.TestTemplateContentFormatDetection" name="test_detect_llama4_openai_format" time="0.000" /><testcase classname="registered.unit.parser.test_jinja_template_utils.TestTemplateContentFormatDetection" name="test_detect_msg_content_pattern" time="0.000" /><testcase classname="registered.unit.parser.test_jinja_template_utils.TestTemplateContentFormatDetection" name="test_detect_msg_content_without_multimodal_keywords" time="0.002" /><testcase classname="registered.unit.parser.test_jinja_template_utils.TestTemplateContentFormatDetection" name="test_detect_template_no_content_loop_is_string" time="0.001" /><testcase classname="registered.unit.parser.test_jinja_template_utils.TestTemplateContentFormatDetection" name="test_detect_template_with_filter" time="0.001" /><testcase classname="registered.unit.parser.test_jinja_template_utils.TestTemplateContentFormatDetection" name="test_detect_template_with_is_test" time="0.002" /><testcase classname="registered.unit.parser.test_jinja_template_utils.TestTemplateContentFormatDetection" name="test_detect_template_with_slice" time="0.001" /><testcase classname="registered.unit.parser.test_jinja_template_utils.TestTemplateContentFormatDetection" name="test_detect_tool_result_id_association" time="0.003" /><testcase classname="registered.unit.parser.test_jinja_template_utils.TestTemplateContentFormatDetection" name="test_media_cache_ids_survive_chat_template_extraction" time="0.000" /><testcase classname="registered.unit.parser.test_jinja_template_utils.TestTemplateContentFormatDetection" name="test_process_content_already_string" time="0.000" /><testcase classname="registered.unit.parser.test_jinja_template_utils.TestTemplateContentFormatDetection" name="test_process_content_filter_none_values" time="0.000" /><testcase classname="registered.unit.parser.test_jinja_template_utils.TestTemplateContentFormatDetection" name="test_process_content_invalid_format_raises" time="0.000" /><testcase classname="registered.unit.parser.test_jinja_template_utils.TestTemplateContentFormatDetection" name="test_process_content_openai_format" time="0.000" /><testcase classname="registered.unit.parser.test_jinja_template_utils.TestTemplateContentFormatDetection" name="test_process_content_preserves_image_content_hash" time="0.000" /><testcase classname="registered.unit.parser.test_jinja_template_utils.TestTemplateContentFormatDetection" name="test_process_content_string_format" time="0.000" /><testcase classname="registered.unit.parser.test_jinja_template_utils.TestTemplateContentFormatDetection" name="test_process_content_v32_encoding" time="0.000" /><testcase classname="registered.unit.parser.test_jinja_template_utils.TestTemplateContentFormatDetection" name="test_process_content_v32_encoding_accepts_responses_input_text" time="0.000" /><testcase classname="registered.unit.parser.test_jinja_template_utils.TestTemplateContentFormatDetection" name="test_process_content_video_structured_fields_become_video_data" time="0.000" /><testcase classname="registered.unit.parser.test_jinja_template_utils.TestTemplateContentFormatDetection" name="test_process_content_video_with_modalities" time="0.000" /><testcase classname="registered.unit.parser.test_jinja_template_utils.TestTemplateContentFormatDetection" name="test_process_content_with_audio" time="0.000" /><testcase classname="registered.unit.parser.test_jinja_template_utils.TestTemplateContentFormatDetection" name="test_process_content_with_modalities" time="0.000" /><testcase classname="registered.unit.parser.test_jinja_template_utils.TestTemplateContentFormatDetection" name="test_process_content_with_video" time="0.000" /><testcase classname="registered.unit.parser.test_jinja_template_utils.TestTemplateContentFormatDetection" name="test_sort_by_tool_call_id_value_is_not_association" time="0.001" /><testcase classname="registered.unit.parser.test_jinja_template_utils.TestTemplateContentFormatDetection" name="test_tool_call_id_text_does_not_enable_order_recovery" time="0.001" /><testcase classname="registered.unit.managers.test_mm_hashes.TestMmHashesContract" name="test_batched_hashes_follow_each_request" time="0.000" /><testcase classname="registered.unit.managers.test_mm_hashes.TestMmHashesContract" name="test_content_hashes_are_distinct_from_feature_hashes" time="0.000" /><testcase classname="registered.unit.managers.test_mm_hashes.TestMmHashesContract" name="test_generate_req_input_accepts_mm_hashes" time="0.000" /><testcase classname="registered.unit.managers.test_mm_hashes.TestMmHashesContract" name="test_generate_req_input_defaults_mm_hashes_to_none" time="0.000" /><testcase classname="registered.unit.managers.test_mm_hashes.TestMmHashesContract" name="test_set_hash_updates_an_existing_pad_value" time="0.000" /><testcase classname="registered.unit.managers.test_mm_hashes.TestMmHashesContract" name="test_set_pad_value_distinguishes_different_preset_hashes" time="0.000" /><testcase classname="registered.unit.managers.test_mm_hashes.TestMmHashesContract" name="test_set_pad_value_honors_preset_hash" time="0.001" /><testcase classname="registered.unit.managers.test_mm_hashes.TestMmHashesContract" name="test_set_pad_value_is_deterministic_across_items" time="0.000" /><testcase classname="registered.unit.multimodal.test_media_artifact_processor.TestMediaArtifactProcessor" name="test_adapter_cannot_change_validated_artifact_identity" time="0.002" /><testcase classname="registered.unit.multimodal.test_media_artifact_processor.TestMediaArtifactProcessor" name="test_cached_artifact_must_match_content_identity" time="0.001" /><testcase classname="registered.unit.multimodal.test_media_artifact_processor.TestMediaArtifactProcessor" name="test_content_hash_and_cache_id_are_mutually_exclusive" time="0.000" /><testcase classname="registered.unit.multimodal.test_media_artifact_processor.TestMediaArtifactProcessor" name="test_default_image_decoder_rejects_lazy_pil_failure" time="0.005" /><testcase classname="registered.unit.multimodal.test_media_artifact_processor.TestMediaArtifactProcessor" name="test_non_image_models_can_override_identity_and_decode_hooks" time="0.001" /><testcase classname="registered.unit.multimodal.test_media_artifact_processor.TestMediaArtifactProcessor" name="test_partial_hits_and_duplicate_misses_are_shared_by_contract" time="0.001" /><testcase classname="registered.unit.multimodal.test_media_artifact_processor.TestMediaArtifactProcessor" name="test_trusted_cache_id_hit_skips_source_read_and_preprocess" time="0.001" /><testcase classname="registered.unit.multimodal.test_media_artifact_processor.TestMediaArtifactProcessor" name="test_trusted_hit_uses_identity_without_reading_source" time="0.000" /><testcase classname="registered.unit.multimodal.test_media_artifact_processor.TestMediaArtifactProcessor" name="test_unknown_model_option_is_part_of_artifact_identity" time="0.000" /><testcase classname="registered.unit.multimodal.test_media_artifact_processor.TestMediaArtifactProcessor" name="test_untrusted_cache_id_keeps_strict_content_behavior" time="0.001" /><testcase classname="registered.unit.models.test_kimi_k25" name="test_kimi_gpu_preprocess_batches_only_source_compatible_images" time="0.003" /><testcase classname="registered.unit.models.test_kimi_k25" name="test_kimi_resize_tracks_the_checkpoint_processors_pil_bicubic" time="1.267" /><testcase classname="registered.unit.models.test_kimi_k25" name="test_kimi_resize_is_a_dtype_only_cast_when_already_at_target" time="0.000" /><testcase classname="registered.unit.models.test_kimi_k25" name="test_kimi_expands_one_placeholder_per_image_from_existing_ids" time="0.000" /><testcase classname="registered.unit.models.test_kimi_k25" name="test_kimi_expansion_rejects_a_placeholder_count_mismatch" time="0.000" /><testcase classname="registered.unit.models.test_kimi_k25" name="test_kimi_expansion_matches_the_base_retokenize_avoidance_rebuild" time="0.001" /><testcase classname="registered.unit.models.test_kimi_k25" name="test_kimi_cpu_fallback_keeps_the_request_tokens" time="0.000" /><testcase classname="registered.unit.models.test_kimi_k25" name="test_kimi_cpu_fallback_falls_back_to_the_hf_tokens_without_request_ids" time="0.000" /><testcase classname="registered.unit.models.test_kimi_k25" name="test_kimi_refuses_already_normalized_float_pixels" time="0.000" /><testcase classname="registered.unit.models.test_kimi_k25" name="test_kimi_placeholder_count_only_reads_real_token_ids" time="0.000" /><testcase classname="registered.unit.models.test_kimi_k25" name="test_kimi_single_frame_pool_matches_the_temporal_mean" time="0.001" /><testcase classname="registered.unit.models.test_kimi_k25" name="test_kimi_multi_frame_pool_still_averages_across_frames" time="0.001" /><testcase classname="registered.unit.models.test_kimi_k25" name="test_kimi_projection_returns_one_flattened_feature_tensor" time="0.001" /><testcase classname="registered.unit.models.test_kimi_k25" name="test_kimi_projection_does_not_copy_a_single_image" time="0.000" /><testcase classname="registered.unit.models.test_kimi_k25" name="test_dp_helper_supports_moonvit3d_packed_embeddings_on_tp1" time="0.010" /><testcase classname="registered.unit.models.test_kimi_k25" name="test_dp_helper_can_lazily_load_kimi_features_on_tp1" time="0.002" /><testcase classname="registered.unit.models.test_kimi_k25" name="test_dp_helper_uses_config_hidden_size_for_empty_moonvit3d_rank" time="0.001" /><testcase classname="registered.unit.models.test_kimi_k25" name="test_dp_helper_broadcasts_a_single_image_from_its_owner_rank" time="0.000" /><testcase classname="registered.unit.models.test_kimi_k25" name="test_dp_helper_lazily_loads_only_its_local_image_shard" time="0.000" /><testcase classname="registered.unit.models.test_kimi_k25" name="test_kimi_k25_encoder_dp_selects_packed_moonvit_contract" time="0.000" /><testcase classname="registered.unit.models.test_kimi_k25" name="test_kimi_non_dp_keeps_grid_thws_on_the_host" time="0.002" /><testcase classname="registered.unit.models.test_kimi_k25" name="test_kimi_lazy_ipc_feature_skips_scheduler_reconstruction" time="0.000" /><testcase classname="registered.unit.models.test_kimi_k25" name="test_kimi_lazy_ipc_feature_acknowledges_all_tp_consumers" time="0.000" /><testcase classname="registered.unit.models.test_kimi_k25" name="test_kimi_lazy_vmm_feature_uses_proxy_consumer_count" time="0.000" /><testcase classname="registered.unit.models.test_kimi_k25" name="test_kimi_lazy_vmm_cache_hit_uses_proxy_consumer_count" time="0.000" /><testcase classname="registered.unit.models.test_kimi_k25" name="test_kimi_processor_workers_clone_the_gpu_wrapper[KimiK2_5VLImageProcessor-KimiGPUProcessorWrapper]" time="0.004" /><testcase classname="registered.unit.models.test_kimi_k25" name="test_kimi_processor_workers_clone_the_gpu_wrapper[KimiK3ImageProcessor-KimiK3GPUProcessorWrapper]" time="0.003" /><testcase classname="registered.unit.models.test_kimi_k25" name="test_kimi_k3_expands_image_placeholders_with_original_dimensions" time="0.000" /><testcase classname="registered.unit.models.test_kimi_k25" name="test_kimi_k3_cpu_prompt_uses_the_same_media_contract" time="0.000" /><testcase classname="registered.unit.models.test_kimi_k25" name="test_kimi_k3_epd_rebuild_uses_the_same_media_contract" time="0.001" /><testcase classname="registered.unit.models.test_kimi_k25" name="test_kimi_k3_cached_artifact_is_composed_per_prompt" time="0.001" /><testcase classname="registered.unit.models.test_kimi_k25" name="test_kimi_k3_cached_deferred_artifact_has_model_contract" time="0.000" /><testcase classname="registered.unit.models.test_kimi_k25" name="test_kimi_k3_normal_cache_path_connects_real_producer_to_model_consumer" time="0.009" /><testcase classname="registered.unit.models.test_kimi_k25" name="test_kimi_k3_model_accepts_mixed_cached_eager_and_deferred_artifacts" time="0.001" /><testcase classname="registered.unit.models.test_kimi_k25" name="test_kimi_k3_trusted_hot_hit_skips_media_read" time="0.001" /><testcase classname="registered.unit.models.test_kimi_k25" name="test_kimi_k3_default_media_options_share_one_artifact_key" time="0.000" /><testcase classname="registered.unit.models.test_kimi_k25" name="test_kimi_k3_output_affecting_media_options_do_not_share_artifacts" time="0.000" /><testcase classname="registered.unit.models.test_kimi_k25" name="test_kimi_k3_rejects_changed_feature_hash_for_same_artifact" time="0.002" /><testcase classname="registered.unit.models.test_kimi_k25" name="test_kimi_k3_artifact_and_data_item_share_hash_resolution" time="0.000" /><testcase classname="registered.unit.models.test_kimi_k25" name="test_kimi_k3_untrusted_path_change_is_a_cache_miss" time="0.003" /><testcase classname="registered.unit.models.test_kimi_k25" name="test_kimi_k3_partial_hits_deduplicate_misses_and_preserve_order" time="0.002" /><testcase classname="registered.unit.models.test_kimi_k25" name="test_kimi_k3_cancelled_artifact_owner_does_not_fail_joiner" time="0.001" /><testcase classname="registered.unit.models.test_kimi_k25" name="test_kimi_k3_cpu_transport_defers_gpu_preprocessing" time="0.000" /><testcase classname="registered.unit.models.test_kimi_k25" name="test_kimi_k3_defers_only_when_raw_transport_is_smaller[image_shape0-65536-True]" time="0.001" /><testcase classname="registered.unit.models.test_kimi_k25" name="test_kimi_k3_defers_only_when_raw_transport_is_smaller[image_shape1-1-False]" time="0.019" /><testcase classname="registered.unit.models.test_kimi_k25" name="test_kimi_k3_does_not_defer_non_uint8_tensor_preprocessing" time="0.000" /><testcase classname="registered.unit.models.test_kimi_k25" name="test_kimi_k3_does_not_defer_empty_image_batch" time="0.000" /><testcase classname="registered.unit.models.test_kimi_k25" name="test_kimi_k3_eager_preprocessing_preserves_float_tensor_support" time="0.000" /><testcase classname="registered.unit.models.test_kimi_k25" name="test_kimi_k3_keeps_gpu_transport_preprocessing_eager[cuda_ipc]" time="0.000" /><testcase classname="registered.unit.models.test_kimi_k25" name="test_kimi_k3_keeps_gpu_transport_preprocessing_eager[cuda_vmm]" time="0.000" /><testcase classname="registered.unit.models.test_kimi_k25" name="test_kimi_k3_rejects_silently_dropped_images" time="0.001" /><testcase classname="registered.unit.models.test_kimi_k25" name="test_kimi_k3_uses_token_ids_to_preserve_media_boundaries" time="0.001" /><testcase classname="registered.unit.models.test_kimi_k25" name="test_kimi_k3_rejects_tokenized_placeholder_mismatch" time="0.001" /><testcase classname="registered.unit.models.test_kimi_k25" name="test_kimi_k3_rejects_unsupported_modalities[request_obj0-extra_kwargs0]" time="0.001" /><testcase classname="registered.unit.models.test_kimi_k25" name="test_kimi_k3_rejects_unsupported_modalities[request_obj1-extra_kwargs1]" time="0.001" /><testcase classname="registered.unit.disaggregation.test_kimi_k3_encoder_mode" name="test_kimi_k3_encoder_transfer_backend_auto_avoids_tp_fanout" time="0.000" /><testcase classname="registered.unit.disaggregation.test_kimi_k3_encoder_mode" name="test_epd_language_only_rejects_missing_dispatched_embedding" time="0.002" /><testcase classname="registered.unit.disaggregation.test_kimi_k3_encoder_mode" name="test_epd_rejection_reads_the_resolved_transfer_backend" time="0.210" /><testcase classname="registered.unit.disaggregation.test_kimi_k3_encoder_mode" name="test_epd_allows_local_processing_when_request_was_not_dispatched" time="0.002" /><testcase classname="registered.unit.disaggregation.test_kimi_k3_encoder_mode" name="test_kimi_k3_encoder_normalizes_pillow_images_to_media_dicts" time="0.000" /><testcase classname="registered.unit.disaggregation.test_kimi_k3_encoder_mode" name="test_kimi_k3_encoder_passes_media_dicts_to_image_processor" time="0.001" /><testcase classname="registered.unit.disaggregation.test_kimi_k3_encoder_mode" name="test_kimi_k3_epd_preprocess_preserves_raw_per_image_items" time="0.000" /><testcase classname="registered.unit.disaggregation.test_kimi_k3_encoder_mode" name="test_kimi_k3_epd_preserves_verified_content_identity" time="0.000" /><testcase classname="registered.unit.disaggregation.test_kimi_k3_encoder_mode" name="test_kimi_k3_epd_model_preprocessor_receives_image_processor" time="0.001" /><testcase classname="registered.unit.disaggregation.test_kimi_k3_encoder_mode" name="test_encoder_preprocessor_context_keeps_legacy_hooks_compatible" time="0.000" /><testcase classname="registered.unit.disaggregation.test_kimi_k3_encoder_mode" name="test_kimi_k3_epd_default_cpu_materialization_is_owner_only_and_exact" time="0.000" /><testcase classname="registered.unit.disaggregation.test_kimi_k3_encoder_mode" name="test_encoder_preprocess_materializes_only_local_size_balanced_items" time="0.000" /><testcase classname="registered.unit.disaggregation.test_kimi_k3_encoder_mode" name="test_raw_encoder_hash_includes_shape_and_dtype" time="0.000" /><testcase classname="registered.unit.disaggregation.test_kimi_k3_encoder_mode" name="test_kimi_k3_epd_selects_matching_jpeg_decode_mode[False-False]" time="0.000" /><testcase classname="registered.unit.disaggregation.test_kimi_k3_encoder_mode" name="test_kimi_k3_epd_selects_matching_jpeg_decode_mode[True-nvjpeg_fancy]" time="0.000" /><testcase classname="registered.unit.disaggregation.test_kimi_k3_encoder_mode" name="test_kimi_k3_epd_rejects_lazy_pil_decode_failure" time="0.000" /><testcase classname="registered.unit.disaggregation.test_kimi_k3_encoder_mode" name="test_kimi_k3_epd_verifies_content_hash_before_decode" time="0.000" /><testcase classname="registered.unit.disaggregation.test_kimi_k3_encoder_mode" name="test_epd_receiver_keeps_content_hash_aligned_with_image" time="0.000" /><testcase classname="registered.unit.disaggregation.test_kimi_k3_encoder_mode" name="test_epd_tokenizer_receiver_timeout_cancels_tasks_and_closes_socket" time="0.011" /><testcase classname="registered.unit.disaggregation.test_kimi_k3_encoder_mode" name="test_grpc_dispatch_cancellation_waits_for_blocking_calls" time="0.012" /><testcase classname="registered.unit.disaggregation.test_kimi_k3_encoder_mode" name="test_kimi_k3_epd_aggregates_original_image_sizes_in_part_order" time="0.000" /><testcase classname="registered.unit.disaggregation.test_kimi_k3_encoder_mode" name="test_epd_embedding_aggregation_rejects_invalid_part_metadata[0-0-num_parts must be a positive integer]" time="0.000" /><testcase classname="registered.unit.disaggregation.test_kimi_k3_encoder_mode" name="test_epd_embedding_aggregation_rejects_invalid_part_metadata[2--1-part_idx must be in]" time="0.000" /><testcase classname="registered.unit.disaggregation.test_kimi_k3_encoder_mode" name="test_epd_embedding_aggregation_rejects_invalid_part_metadata[2-2-part_idx must be in]" time="0.000" /><testcase classname="registered.unit.disaggregation.test_kimi_k3_encoder_mode" name="test_epd_embedding_aggregation_rejects_duplicate_and_inconsistent_parts" time="0.000" /><testcase classname="registered.unit.disaggregation.test_kimi_k3_encoder_mode" name="test_epd_scheduler_contains_invalid_embedding_part_metadata" time="0.001" /><testcase classname="registered.unit.disaggregation.test_kimi_k3_encoder_mode" name="test_epd_tokenizer_contains_duplicate_embedding_part" time="0.001" /><testcase classname="registered.unit.disaggregation.test_kimi_k3_encoder_mode" name="test_kimi_k3_encoder_prefers_grid_thws_and_uses_temporal_pool_length" time="0.000" /><testcase classname="registered.unit.disaggregation.test_kimi_k3_encoder_mode" name="test_kimi_k3_encoder_splits_cross_request_batch_into_single_grid_items" time="0.001" /><testcase classname="registered.unit.disaggregation.test_kimi_k3_encoder_mode" name="test_encoder_preprocessed_items_follow_dp_owner_selection_order" time="0.000" /><testcase classname="registered.unit.disaggregation.test_kimi_k3_encoder_mode" name="test_encoder_preprocessed_items_hash_individually" time="0.000" /><testcase classname="registered.unit.disaggregation.test_kimi_k3_encoder_mode" name="test_kimi_k3_encoder_only_wrapper_guards_language_tower_hooks" time="0.000" /><testcase classname="registered.unit.disaggregation.test_kimi_k3_encoder_mode" name="test_epd_scheduler_uses_token_ids_for_tokenized_mm_processors" time="0.000" /><testcase classname="registered.unit.disaggregation.test_kimi_k3_encoder_mode" name="test_epd_scheduler_ignores_foreign_error_part" time="0.000" /><testcase classname="registered.unit.disaggregation.test_kimi_k3_encoder_mode" name="test_epd_tokenizer_ignores_foreign_part_before_current_embedding" time="0.001" /><testcase classname="registered.unit.disaggregation.test_kimi_k3_encoder_mode" name="test_epd_scheduler_routes_many_requests_over_one_receive_socket" time="0.024" /><testcase classname="registered.unit.disaggregation.test_kimi_k3_encoder_mode" name="test_epd_receiver_startup_rejects_remote_rank_failure" time="0.001" /><testcase classname="registered.unit.disaggregation.test_kimi_k3_encoder_mode" name="test_epd_receiver_startup_shares_local_constructor_failure" time="0.001" /><testcase classname="registered.unit.disaggregation.test_kimi_k3_encoder_mode" name="test_epd_encoder_reuses_scheduler_zmq_peer" time="0.006" /><testcase classname="registered.unit.disaggregation.test_kimi_k3_encoder_mode" name="test_epd_encoder_pipelines_zero_copy_sends_per_peer" time="0.003" /></testsuite></testsuites>