<?xml version="1.0" encoding="utf-8"?><testsuites name="pytest tests"><testsuite name="pytest" errors="0" failures="0" skipped="0" tests="240" time="11.834" timestamp="2026-09-12T17:04:44.624997+00:00" hostname="gbt350-odcdh1-a08-1.png-odc.dcgpu"><testcase classname="registered.unit.entrypoints.openai.test_serving_chat.ServingChatTestCase" name="test_all_chat_encoding_specs_are_enumerated" time="0.009" /><testcase classname="registered.unit.entrypoints.openai.test_serving_chat.ServingChatTestCase" name="test_attach_task_to_last_user_message" time="0.002" /><testcase classname="registered.unit.entrypoints.openai.test_serving_chat.ServingChatTestCase" name="test_auto_tool_choice_keeps_response_format_without_raising" time="0.002" /><testcase classname="registered.unit.entrypoints.openai.test_serving_chat.ServingChatTestCase" name="test_build_chat_response_qwen3_thinking_forces_reasoning" time="0.002" /><testcase classname="registered.unit.entrypoints.openai.test_serving_chat.ServingChatTestCase" name="test_canonicalize_tool_message_order_keeps_text_only_runs" time="0.002" /><testcase classname="registered.unit.entrypoints.openai.test_serving_chat.ServingChatTestCase" name="test_canonicalize_tool_message_order_keeps_unassociable_runs" time="0.003" /><testcase classname="registered.unit.entrypoints.openai.test_serving_chat.ServingChatTestCase" name="test_canonicalize_tool_message_order_sorts_media_runs" time="0.002" /><testcase classname="registered.unit.entrypoints.openai.test_serving_chat.ServingChatTestCase" name="test_chat_applies_pd_header_overrides" time="0.003" /><testcase classname="registered.unit.entrypoints.openai.test_serving_chat.ServingChatTestCase" name="test_continuous_usage_omits_cached_tokens_when_report_disabled" time="0.004" /><testcase classname="registered.unit.entrypoints.openai.test_serving_chat.ServingChatTestCase" name="test_continuous_usage_reports_cached_tokens" time="0.004" /><testcase classname="registered.unit.entrypoints.openai.test_serving_chat.ServingChatTestCase" name="test_convert_to_internal_request_input_ids_bypasses_template" time="0.003" /><testcase classname="registered.unit.entrypoints.openai.test_serving_chat.ServingChatTestCase" name="test_convert_to_internal_request_rejects_stream_return_meta_info" time="0.002" /><testcase classname="registered.unit.entrypoints.openai.test_serving_chat.ServingChatTestCase" name="test_convert_to_internal_request_rejects_stream_token_ids" time="0.002" /><testcase classname="registered.unit.entrypoints.openai.test_serving_chat.ServingChatTestCase" name="test_convert_to_internal_request_single" time="0.003" /><testcase classname="registered.unit.entrypoints.openai.test_serving_chat.ServingChatTestCase" name="test_custom_encoders_own_reasoning_history" time="0.003" /><testcase classname="registered.unit.entrypoints.openai.test_serving_chat.ServingChatTestCase" name="test_decode_response_returns_text" time="0.002" /><testcase classname="registered.unit.entrypoints.openai.test_serving_chat.ServingChatTestCase" name="test_default_chat_template_kwargs_applied_when_request_unset" time="0.002" /><testcase classname="registered.unit.entrypoints.openai.test_serving_chat.ServingChatTestCase" name="test_default_chat_template_kwargs_mirrors_reasoning_effort" time="0.002" /><testcase classname="registered.unit.entrypoints.openai.test_serving_chat.ServingChatTestCase" name="test_default_chat_template_kwargs_overridden_per_request" time="0.002" /><testcase classname="registered.unit.entrypoints.openai.test_serving_chat.ServingChatTestCase" name="test_dpsk_v32_encoding_path" time="0.057" /><testcase classname="registered.unit.entrypoints.openai.test_serving_chat.ServingChatTestCase" name="test_dsv4_content_parts_list_normalized" time="0.003" /><testcase classname="registered.unit.entrypoints.openai.test_serving_chat.ServingChatTestCase" name="test_dsv4_invalid_profile_override_fails_at_construction" time="0.003" /><testcase classname="registered.unit.entrypoints.openai.test_serving_chat.ServingChatTestCase" name="test_dsv4_reasoning_effort_profile_from_checkpoint" time="0.003" /><testcase classname="registered.unit.entrypoints.openai.test_serving_chat.ServingChatTestCase" name="test_dsv4_reasoning_effort_profile_override_from_model_config" time="0.003" /><testcase classname="registered.unit.entrypoints.openai.test_serving_chat.ServingChatTestCase" name="test_dsv4_reasoning_effort_profile_resolution" time="0.004" /><testcase classname="registered.unit.entrypoints.openai.test_serving_chat.ServingChatTestCase" name="test_dsv4_reasoning_effort_profiles" time="0.002" /><testcase classname="registered.unit.entrypoints.openai.test_serving_chat.ServingChatTestCase" name="test_dsv4_task_and_reminder_encode_end_to_end" time="0.002" /><testcase classname="registered.unit.entrypoints.openai.test_serving_chat.ServingChatTestCase" name="test_dsv4_task_field_schema" time="0.002" /><testcase classname="registered.unit.entrypoints.openai.test_serving_chat.ServingChatTestCase" name="test_dsv_encoders_accept_object_tool_call_arguments_string" time="0.003" /><testcase classname="registered.unit.entrypoints.openai.test_serving_chat.ServingChatTestCase" name="test_dsv_encoders_reject_non_object_tool_call_arguments" time="0.003" /><testcase classname="registered.unit.entrypoints.openai.test_serving_chat.ServingChatTestCase" name="test_encode_messages_returns_none_by_default" time="0.002" /><testcase classname="registered.unit.entrypoints.openai.test_serving_chat.ServingChatTestCase" name="test_extract_routed_dp_rank_from_header_invalid" time="0.002" /><testcase classname="registered.unit.entrypoints.openai.test_serving_chat.ServingChatTestCase" name="test_extract_routed_dp_rank_from_header_no_header" time="0.002" /><testcase classname="registered.unit.entrypoints.openai.test_serving_chat.ServingChatTestCase" name="test_extract_routed_dp_rank_header_overrides_body" time="0.002" /><testcase classname="registered.unit.entrypoints.openai.test_serving_chat.ServingChatTestCase" name="test_fallback_always_mode" time="0.002" /><testcase classname="registered.unit.entrypoints.openai.test_serving_chat.ServingChatTestCase" name="test_fallback_enable_thinking_mode_default_on" time="0.002" /><testcase classname="registered.unit.entrypoints.openai.test_serving_chat.ServingChatTestCase" name="test_fallback_explicit_enable_thinking_mode_default_off" time="0.002" /><testcase classname="registered.unit.entrypoints.openai.test_serving_chat.ServingChatTestCase" name="test_fallback_explicit_thinking_mode_default_off" time="0.002" /><testcase classname="registered.unit.entrypoints.openai.test_serving_chat.ServingChatTestCase" name="test_fallback_ling3_default_on" time="0.003" /><testcase classname="registered.unit.entrypoints.openai.test_serving_chat.ServingChatTestCase" name="test_fallback_mistral_mode" time="0.002" /><testcase classname="registered.unit.entrypoints.openai.test_serving_chat.ServingChatTestCase" name="test_fallback_no_detector_returns_false" time="0.002" /><testcase classname="registered.unit.entrypoints.openai.test_serving_chat.ServingChatTestCase" name="test_get_parsed_response_fields_passthrough" time="0.002" /><testcase classname="registered.unit.entrypoints.openai.test_serving_chat.ServingChatTestCase" name="test_get_reasoning_from_request_default_false_toggle" time="0.002" /><testcase classname="registered.unit.entrypoints.openai.test_serving_chat.ServingChatTestCase" name="test_get_reasoning_from_request_default_true_toggle" time="0.002" /><testcase classname="registered.unit.entrypoints.openai.test_serving_chat.ServingChatTestCase" name="test_get_reasoning_from_request_special_cases" time="0.002" /><testcase classname="registered.unit.entrypoints.openai.test_serving_chat.ServingChatTestCase" name="test_hunyuan_default_reasoning_effort_is_normalized_for_template" time="0.003" /><testcase classname="registered.unit.entrypoints.openai.test_serving_chat.ServingChatTestCase" name="test_hunyuan_reasoning_effort_dispatch" time="0.003" /><testcase classname="registered.unit.entrypoints.openai.test_serving_chat.ServingChatTestCase" name="test_hunyuan_reasoning_effort_precedence_survives_conversion" time="0.003" /><testcase classname="registered.unit.entrypoints.openai.test_serving_chat.ServingChatTestCase" name="test_ids_headers_enable_flags" time="0.002" /><testcase classname="registered.unit.entrypoints.openai.test_serving_chat.ServingChatTestCase" name="test_incremental_streaming_output_delta" time="0.005" /><testcase classname="registered.unit.entrypoints.openai.test_serving_chat.ServingChatTestCase" name="test_jinja_accepts_object_tool_call_arguments_string" time="0.002" /><testcase classname="registered.unit.entrypoints.openai.test_serving_chat.ServingChatTestCase" name="test_jinja_path_recovers_tool_result_images_only_when_template_needs_it" time="0.006" /><testcase classname="registered.unit.entrypoints.openai.test_serving_chat.ServingChatTestCase" name="test_jinja_rejects_non_object_tool_call_arguments" time="0.003" /><testcase classname="registered.unit.entrypoints.openai.test_serving_chat.ServingChatTestCase" name="test_jinja_tool_schema_fallback_to_flat_function" time="0.002" /><testcase classname="registered.unit.entrypoints.openai.test_serving_chat.ServingChatTestCase" name="test_jinja_uses_openai_tool_schema_first" time="0.002" /><testcase classname="registered.unit.entrypoints.openai.test_serving_chat.ServingChatTestCase" name="test_k2_selected_terminator_reaches_sampling_params" time="0.003" /><testcase classname="registered.unit.entrypoints.openai.test_serving_chat.ServingChatTestCase" name="test_kimi_k2_non_streaming_tool_call_id_with_history" time="0.003" /><testcase classname="registered.unit.entrypoints.openai.test_serving_chat.ServingChatTestCase" name="test_kimi_k2_streaming_tool_call_id_with_history" time="0.003" /><testcase classname="registered.unit.entrypoints.openai.test_serving_chat.ServingChatTestCase" name="test_kimi_k3_constraint_failure_keeps_native_stop_format" time="0.004" /><testcase classname="registered.unit.entrypoints.openai.test_serving_chat.ServingChatTestCase" name="test_kimi_k3_encoder_receives_wire_request_fields" time="0.002" /><testcase classname="registered.unit.entrypoints.openai.test_serving_chat.ServingChatTestCase" name="test_kimi_k3_encoding_detection" time="0.002" /><testcase classname="registered.unit.entrypoints.openai.test_serving_chat.ServingChatTestCase" name="test_kimi_k3_neutralizes_text_only_assistant_history" time="0.002" /><testcase classname="registered.unit.entrypoints.openai.test_serving_chat.ServingChatTestCase" name="test_kimi_k3_tool_call_stop_is_scoped_to_active_tools" time="0.002" /><testcase classname="registered.unit.entrypoints.openai.test_serving_chat.ServingChatTestCase" name="test_kimi_k3_usage_excludes_assistant_generation_stub" time="0.002" /><testcase classname="registered.unit.entrypoints.openai.test_serving_chat.ServingChatTestCase" name="test_kimi_tool_call_keeps_default_reasoning" time="0.002" /><testcase classname="registered.unit.entrypoints.openai.test_serving_chat.ServingChatTestCase" name="test_kimi_tool_call_keeps_explicit_template_thinking" time="0.004" /><testcase classname="registered.unit.entrypoints.openai.test_serving_chat.ServingChatTestCase" name="test_kimi_tool_call_keeps_explicit_template_thinking_false" time="0.002" /><testcase classname="registered.unit.entrypoints.openai.test_serving_chat.ServingChatTestCase" name="test_kimi_tool_call_keeps_template_default_thinking" time="0.002" /><testcase classname="registered.unit.entrypoints.openai.test_serving_chat.ServingChatTestCase" name="test_kimi_tool_call_respects_explicit_reasoning_disable" time="0.002" /><testcase classname="registered.unit.entrypoints.openai.test_serving_chat.ServingChatTestCase" name="test_media_validation_does_not_reject_supported_content" time="0.002" /><testcase classname="registered.unit.entrypoints.openai.test_serving_chat.ServingChatTestCase" name="test_message_tools_participate_in_validation_across_encodings" time="0.004" /><testcase classname="registered.unit.entrypoints.openai.test_serving_chat.ServingChatTestCase" name="test_nemotron_nano_no_effort_kwarg" time="0.002" /><testcase classname="registered.unit.entrypoints.openai.test_serving_chat.ServingChatTestCase" name="test_nemotron_super_high_effort_warns_without_kwarg" time="0.004" /><testcase classname="registered.unit.entrypoints.openai.test_serving_chat.ServingChatTestCase" name="test_nemotron_super_low_effort_mapped_to_kwarg" time="0.002" /><testcase classname="registered.unit.entrypoints.openai.test_serving_chat.ServingChatTestCase" name="test_non_hunyuan_default_reasoning_effort_is_unchanged" time="0.002" /><testcase classname="registered.unit.entrypoints.openai.test_serving_chat.ServingChatTestCase" name="test_non_stream_reasoning_response_preserves_payload_whitespace" time="0.002" /><testcase classname="registered.unit.entrypoints.openai.test_serving_chat.ServingChatTestCase" name="test_non_streaming_chat_response_returns_requested_token_ids_and_meta_info" time="0.002" /><testcase classname="registered.unit.entrypoints.openai.test_serving_chat.ServingChatTestCase" name="test_non_streaming_extension_fields_emit_sglext_without_meta_info" time="0.002" /><testcase classname="registered.unit.entrypoints.openai.test_serving_chat.ServingChatTestCase" name="test_non_streaming_ids_emit_sglext" time="0.002" /><testcase classname="registered.unit.entrypoints.openai.test_serving_chat.ServingChatTestCase" name="test_non_streaming_ids_not_returned_by_default" time="0.002" /><testcase classname="registered.unit.entrypoints.openai.test_serving_chat.ServingChatTestCase" name="test_non_streaming_ids_server_default_enables_flag" time="0.004" /><testcase classname="registered.unit.entrypoints.openai.test_serving_chat.ServingChatTestCase" name="test_non_streaming_meta_info_omits_response_level_routed_experts" time="0.002" /><testcase classname="registered.unit.entrypoints.openai.test_serving_chat.ServingChatTestCase" name="test_non_streaming_meta_info_preserves_cache_and_spec_in_sglext" time="0.002" /><testcase classname="registered.unit.entrypoints.openai.test_serving_chat.ServingChatTestCase" name="test_parallel_sampling_returns_spec_details_per_choice" time="0.002" /><testcase classname="registered.unit.entrypoints.openai.test_serving_chat.ServingChatTestCase" name="test_parsers_follow_the_control_plane_overlay" time="0.002" /><testcase classname="registered.unit.entrypoints.openai.test_serving_chat.ServingChatTestCase" name="test_poolside_v1_does_not_double_prepend_think" time="0.002" /><testcase classname="registered.unit.entrypoints.openai.test_serving_chat.ServingChatTestCase" name="test_poolside_v1_enable_thinking_dispatch" time="0.003" /><testcase classname="registered.unit.entrypoints.openai.test_serving_chat.ServingChatTestCase" name="test_process_messages_records_template_reasoning_state" time="0.002" /><testcase classname="registered.unit.entrypoints.openai.test_serving_chat.ServingChatTestCase" name="test_required_tool_choice_json_fallback_tolerates_odd_shapes" time="0.003" /><testcase classname="registered.unit.entrypoints.openai.test_serving_chat.ServingChatTestCase" name="test_required_tool_choice_rejects_conflicting_output_constraint" time="0.003" /><testcase classname="registered.unit.entrypoints.openai.test_serving_chat.ServingChatTestCase" name="test_required_tool_choice_skips_json_fallback_for_native_parser" time="0.004" /><testcase classname="registered.unit.entrypoints.openai.test_serving_chat.ServingChatTestCase" name="test_stop_str_isolation_between_requests" time="0.002" /><testcase classname="registered.unit.entrypoints.openai.test_serving_chat.ServingChatTestCase" name="test_streaming_abort_with_ids_enabled" time="0.003" /><testcase classname="registered.unit.entrypoints.openai.test_serving_chat.ServingChatTestCase" name="test_streaming_abort_yields_error" time="0.003" /><testcase classname="registered.unit.entrypoints.openai.test_serving_chat.ServingChatTestCase" name="test_streaming_cached_tokens_details_emits_sglext" time="0.003" /><testcase classname="registered.unit.entrypoints.openai.test_serving_chat.ServingChatTestCase" name="test_streaming_error_abort_still_finalizes_other_choices" time="0.003" /><testcase classname="registered.unit.entrypoints.openai.test_serving_chat.ServingChatTestCase" name="test_streaming_framed_ids_emits_named_event" time="0.004" /><testcase classname="registered.unit.entrypoints.openai.test_serving_chat.ServingChatTestCase" name="test_streaming_framed_splits_non_id_fields_into_plain_chunk" time="0.004" /><testcase classname="registered.unit.entrypoints.openai.test_serving_chat.ServingChatTestCase" name="test_streaming_logprobs_attached_with_reasoning_parser" time="0.003" /><testcase classname="registered.unit.entrypoints.openai.test_serving_chat.ServingChatTestCase" name="test_streaming_logprobs_flushed_when_tool_parser_buffers_delta" time="0.002" /><testcase classname="registered.unit.entrypoints.openai.test_serving_chat.ServingChatTestCase" name="test_streaming_logprobs_not_flushed_on_empty_delta_step_without_parser" time="0.025" /><testcase classname="registered.unit.entrypoints.openai.test_serving_chat.ServingChatTestCase" name="test_streaming_output_ids_incremental_accumulates_deltas" time="0.004" /><testcase classname="registered.unit.entrypoints.openai.test_serving_chat.ServingChatTestCase" name="test_streaming_output_ids_incremental_ignores_abort_chunk" time="0.004" /><testcase classname="registered.unit.entrypoints.openai.test_serving_chat.ServingChatTestCase" name="test_streaming_output_ids_incremental_keeps_coalesced_abort_deltas" time="0.004" /><testcase classname="registered.unit.entrypoints.openai.test_serving_chat.ServingChatTestCase" name="test_streaming_output_ids_non_incremental_abort_supersedes_earlier" time="0.004" /><testcase classname="registered.unit.entrypoints.openai.test_serving_chat.ServingChatTestCase" name="test_streaming_output_ids_non_incremental_keeps_latest_full_list" time="0.005" /><testcase classname="registered.unit.entrypoints.openai.test_serving_chat.ServingChatTestCase" name="test_streaming_parallel_sampling_orders_spec_details_by_choice" time="0.003" /><testcase classname="registered.unit.entrypoints.openai.test_serving_chat.ServingChatTestCase" name="test_text_only_model_rejects_media_before_generation" time="0.003" /><testcase classname="registered.unit.entrypoints.openai.test_serving_chat.ServingChatTestCase" name="test_the_xgrammar_gate_follows_the_overlay" time="0.002" /><testcase classname="registered.unit.entrypoints.openai.test_serving_chat.ServingChatTestCase" name="test_truncated_native_tool_call_logs_and_drops" time="0.003" /><testcase classname="registered.unit.entrypoints.openai.test_serving_chat.ServingChatTestCase" name="test_unstreamed_tool_args_completion" time="0.002" /><testcase classname="registered.unit.entrypoints.openai.test_serving_chat.ServingChatTestCase" name="test_unstreamed_tool_args_no_completion_needed" time="0.002" /><testcase classname="registered.unit.entrypoints.openai.test_serving_chat.ServingChatTestCase" name="test_unstreamed_tool_args_no_parser_data" time="0.002" /><testcase classname="registered.unit.entrypoints.openai.test_serving_chat.ServingChatTestCase" name="test_unstreamed_tool_args_raw_string_completion" time="0.002" /><testcase classname="registered.unit.entrypoints.openai.test_serving_chat.ServingChatTestCase" name="test_unstreamed_tool_args_raw_string_no_completion_needed" time="0.002" /><testcase classname="registered.unit.entrypoints.openai.test_serving_chat.ServingChatTestCase" name="test_validate_request_rejects_sampling_mask_without_meta_info" time="0.002" /><testcase classname="registered.unit.entrypoints.openai.test_serving_chat.ServingChatTestCase" name="test_xgrammar_tag_omits_reasoning_when_parser_owns_it" time="0.003" /><testcase classname="registered.unit.entrypoints.openai.test_serving_chat.TestProcessToolCallsWithRequiredToolChoice" name="test_empty_parser_result_is_not_reported_as_tool_call" time="0.002" /><testcase classname="registered.unit.entrypoints.openai.test_serving_chat.TestProcessToolCallsWithRequiredToolChoice" name="test_required_with_parser_uses_function_call_parser" time="0.002" /><testcase classname="registered.unit.entrypoints.openai.test_serving_chat.TestProcessToolCallsWithRequiredToolChoice" name="test_required_without_parser_falls_back_to_json" time="0.002" /><testcase classname="registered.unit.entrypoints.openai.test_serving_chat.TestProcessToolCallsWithRequiredToolChoice" name="test_required_without_parser_invalid_json_returns_none" time="0.002" /><testcase classname="registered.unit.entrypoints.openai.test_serving_chat.TestNormalizeToolContent" name="test_empty_list_returns_empty_string" time="0.000" /><testcase classname="registered.unit.entrypoints.openai.test_serving_chat.TestNormalizeToolContent" name="test_mixed_str_and_dict_parts" time="0.000" /><testcase classname="registered.unit.entrypoints.openai.test_serving_chat.TestNormalizeToolContent" name="test_multiple_text_parts_joined" time="0.000" /><testcase classname="registered.unit.entrypoints.openai.test_serving_chat.TestNormalizeToolContent" name="test_non_text_part_list_preserved" time="0.000" /><testcase classname="registered.unit.entrypoints.openai.test_serving_chat.TestNormalizeToolContent" name="test_non_tool_role_unchanged" time="0.000" /><testcase classname="registered.unit.entrypoints.openai.test_serving_chat.TestNormalizeToolContent" name="test_string_content_unchanged" time="0.000" /><testcase classname="registered.unit.entrypoints.openai.test_serving_chat.InklingReasoningEffortTest" name="test_continue_final_message_leaves_tool_call_turns_closed" time="0.001" /><testcase classname="registered.unit.entrypoints.openai.test_serving_chat.InklingReasoningEffortTest" name="test_continue_final_message_resumes_open_model_text_block" time="0.000" /><testcase classname="registered.unit.entrypoints.openai.test_serving_chat.InklingReasoningEffortTest" name="test_env_default" time="0.000" /><testcase classname="registered.unit.entrypoints.openai.test_serving_chat.InklingReasoningEffortTest" name="test_invalid_and_none" time="0.000" /><testcase classname="registered.unit.entrypoints.openai.test_serving_chat.InklingReasoningEffortTest" name="test_named_levels" time="0.000" /><testcase classname="registered.unit.entrypoints.openai.test_serving_chat.InklingReasoningEffortTest" name="test_scalar_range_is_validated" time="0.001" /><testcase classname="registered.unit.entrypoints.openai.test_serving_chat.InklingReasoningEffortTest" name="test_serving_does_not_prefill_model_message" time="0.000" /><testcase classname="registered.unit.entrypoints.openai.test_serving_chat.InklingReasoningEffortTest" name="test_thinking_disabled_maps_to_no_thinking_effort" time="0.000" /><testcase classname="registered.unit.entrypoints.openai.test_serving_responses.InputMessageConstructionTestCase" name="test_input_parts_normalized_for_chat_templates" time="0.002" /><testcase classname="registered.unit.entrypoints.openai.test_serving_responses.InputMessageConstructionTestCase" name="test_previous_response_id_input_list_does_not_call_copy_module" time="0.001" /><testcase classname="registered.unit.entrypoints.openai.test_serving_responses.InputMessageConstructionTestCase" name="test_previous_response_replays_assistant_text_not_instructions" time="0.002" /><testcase classname="registered.unit.entrypoints.openai.test_serving_responses.ChatToolForwardingTestCase" name="test_k2_output_parser_reuses_effective_template_default" time="0.001" /><testcase classname="registered.unit.entrypoints.openai.test_serving_responses.ChatToolForwardingTestCase" name="test_kimi_k3_request_uses_chat_encoder_fields" time="0.001" /><testcase classname="registered.unit.entrypoints.openai.test_serving_responses.ChatToolForwardingTestCase" name="test_make_request_passes_function_tools_to_chat_processing" time="0.001" /><testcase classname="registered.unit.entrypoints.openai.test_serving_responses.ChatToolForwardingTestCase" name="test_required_tool_choice_without_function_tool_returns_400" time="0.001" /><testcase classname="registered.unit.entrypoints.openai.test_serving_responses.ReasoningRequestForwardingTestCase" name="test_create_responses_uses_processed_reasoning_state" time="0.001" /><testcase classname="registered.unit.entrypoints.openai.test_serving_responses.SkipSpecialTokensForwardingTestCase" name="test_default_parser_keeps_skip_special_tokens" time="0.001" /><testcase classname="registered.unit.entrypoints.openai.test_serving_responses.SkipSpecialTokensForwardingTestCase" name="test_marker_preserving_parser_disables_skip_special_tokens" time="0.001" /><testcase classname="registered.unit.entrypoints.openai.test_serving_responses.InputItemNormalizationTestCase" name="test_developer_role_becomes_system" time="0.000" /><testcase classname="registered.unit.entrypoints.openai.test_serving_responses.InputItemNormalizationTestCase" name="test_function_call_becomes_assistant_tool_call" time="0.000" /><testcase classname="registered.unit.entrypoints.openai.test_serving_responses.InputItemNormalizationTestCase" name="test_function_call_output_becomes_tool_message" time="0.000" /><testcase classname="registered.unit.entrypoints.openai.test_serving_responses.InputItemNormalizationTestCase" name="test_unknown_input_item_type_raises" time="0.000" /><testcase classname="registered.unit.entrypoints.openai.test_serving_responses.FullResponseUsageTestCase" name="test_full_response_uses_dict_meta_info_for_usage" time="0.001" /><testcase classname="registered.unit.entrypoints.openai.test_serving_responses.MultimodalRequestTestCase" name="test_multimodal_create_responses_sends_text_and_media_to_engine" time="0.001" /><testcase classname="registered.unit.entrypoints.openai.test_serving_responses.MultimodalRequestTestCase" name="test_multimodal_token_first_specs_route_through_prompt_ids" time="0.001" /><testcase classname="registered.unit.entrypoints.openai.test_serving_responses.MultimodalRequestTestCase" name="test_text_only_create_responses_rejects_media_before_generation" time="0.001" /><testcase classname="registered.unit.entrypoints.openai.test_serving_responses.OutputItemsTestCase" name="test_function_tool_call_extracted_via_parser" time="0.003" /><testcase classname="registered.unit.entrypoints.openai.test_serving_responses.OutputItemsTestCase" name="test_no_tool_call_extraction_when_tool_choice_none" time="0.002" /><testcase classname="registered.unit.entrypoints.openai.test_serving_responses.OutputItemsTestCase" name="test_prose_emitted_before_tool_call_item" time="0.003" /><testcase classname="registered.unit.entrypoints.openai.test_serving_responses.OutputItemsTestCase" name="test_required_tool_choice_parses_json_array_without_native_parser" time="0.002" /><testcase classname="registered.unit.entrypoints.openai.test_serving_responses.OutputItemsTestCase" name="test_required_tool_choice_skips_json_fallback_for_native_parser" time="0.002" /><testcase classname="registered.unit.entrypoints.openai.test_serving_responses.HarmonyResponsesTestCase" name="test_developer_message_skips_unsupported_tool_types" time="0.000" /><testcase classname="registered.unit.entrypoints.openai.test_serving_responses.StatusFromFinishReasonTestCase" name="test_only_length_maps_to_incomplete" time="0.000" /><testcase classname="registered.unit.entrypoints.openai.test_serving_responses.BuildOutputTextLogprobsTestCase" name="test_no_top_logprobs_yields_empty_lists" time="0.001" /><testcase classname="registered.unit.entrypoints.openai.test_serving_responses.BuildOutputTextLogprobsTestCase" name="test_tokens_and_top_logprobs_are_converted" time="0.000" /><testcase classname="registered.unit.entrypoints.openai.test_serving_responses.ChatToolChoiceConversionTestCase" name="test_conversion" time="0.000" /><testcase classname="registered.unit.entrypoints.openai.test_serving_responses.ShouldEmitNormalTextTestCase" name="test_whitespace_suppressed_only_while_a_tool_is_open" time="0.000" /><testcase classname="registered.unit.entrypoints.openai.test_serving_responses.EnginePassthroughTestCase" name="test_prefilled_think_template_opens_the_parser" time="0.002" /><testcase classname="registered.unit.entrypoints.openai.test_serving_responses.EnginePassthroughTestCase" name="test_require_reasoning_false_without_reasoning_parser" time="0.001" /><testcase classname="registered.unit.entrypoints.openai.test_serving_responses.EnginePassthroughTestCase" name="test_require_reasoning_forwarded_when_reasoning_parser_configured" time="0.001" /><testcase classname="registered.unit.entrypoints.openai.test_serving_responses.EnginePassthroughTestCase" name="test_skip_special_tokens_disabled_for_tool_requests" time="0.001" /><testcase classname="registered.unit.entrypoints.openai.test_serving_responses.CancelIdempotencyTestCase" name="test_cancelling_a_terminal_response_returns_it_not_an_error" time="0.001" /><testcase classname="registered.unit.entrypoints.openai.test_serving_responses.StreamingLogprobsRejectionTestCase" name="test_stream_with_logprobs_include_rejected" time="0.001" /></testsuite></testsuites>