<?xml version="1.0" encoding="utf-8"?><testsuites name="pytest tests"><testsuite name="pytest" errors="0" failures="0" skipped="0" tests="4" time="11.035" timestamp="2026-09-12T05:48:12.361252+00:00" hostname="gbt350-odcdh1-a08-1.png-odc.dcgpu"><testcase classname="registered.unit.server_args.test_server_args.TestPrepareServerArgs" name="test_draft_quantization_explicitness_survives_asdict_round_trip" time="0.003" /><testcase classname="registered.unit.server_args.test_server_args.TestDFlashDraftQuantizationWarning" name="test_unquantized_draft_does_not_warn" time="0.001" /><testcase classname="registered.unit.server_args.test_server_args.TestDFlashDraftQuantizationWarning" name="test_warns_for_explicit_quantized_draft" time="0.001" /><testcase classname="registered.unit.server_args.test_server_args.TestDFlashDraftQuantizationWarning" name="test_warns_when_target_quantization_was_inherited" time="0.000" /></testsuite></testsuites>