<?xml version="1.0" encoding="utf-8"?><testsuites name="pytest tests"><testsuite name="pytest" errors="0" failures="2" skipped="0" tests="273" time="14.913" timestamp="2026-09-12T05:47:25.145194+00:00" hostname="gbt350-odcdh1-a08-1.png-odc.dcgpu"><testcase classname="registered.unit.server_args.test_server_args.TestPrepareServerArgs" name="test_config_nested_dict_args_are_json" time="0.012" /><testcase classname="registered.unit.server_args.test_server_args.TestPrepareServerArgs" name="test_draft_quantization_explicitness_survives_asdict_round_trip" time="0.002" /><testcase classname="registered.unit.server_args.test_server_args.TestPrepareServerArgs" name="test_dsv4_prefill_backend_cli_choices" time="0.012" /><testcase classname="registered.unit.server_args.test_server_args.TestPrepareServerArgs" name="test_enable_w4a4_mxfp4_megamoe_preserves_legacy_deepgemm_env" time="0.014" /><testcase classname="registered.unit.server_args.test_server_args.TestPrepareServerArgs" name="test_legacy_sampling_mask_env_requires_migration" time="0.007" /><testcase classname="registered.unit.server_args.test_server_args.TestPrepareServerArgs" name="test_ple_embedding_offload_rejects_generic_weight_offload" time="0.002" /><testcase classname="registered.unit.server_args.test_server_args.TestPrepareServerArgs" name="test_prefill_decode_interval" time="0.002" /><testcase classname="registered.unit.server_args.test_server_args.TestPrepareServerArgs" name="test_return_hidden_states_mode_configuration" time="0.016" /><testcase classname="registered.unit.server_args.test_server_args.TestPrepareServerArgs" name="test_sampling_mask_max_tokens" time="0.011" /><testcase classname="registered.unit.server_args.test_server_args.TestPrepareServerArgs" name="test_w4a4_mxfp4_megamoe_disabled_preserves_deepgemm_env" time="0.012" /><testcase classname="registered.unit.server_args.test_server_args.TestPrepareServerArgs" name="test_weight_cache_daemon_allows_static_eplb" time="0.324" /><testcase classname="registered.unit.server_args.test_server_args.TestMmEncoderDataParallelLogging" name="test_logs_encoder_dp_tradeoff_for_tp" time="0.003" /><testcase classname="registered.unit.server_args.test_server_args.TestMmEncoderDataParallelLogging" name="test_logs_when_encoder_dp_has_no_parallelism" time="0.000" /><testcase classname="registered.unit.server_args.test_server_args.TestImageProcessorBackend" name="test_legacy_flag_maps_to_pil_with_one_warning" time="0.000" /><testcase classname="registered.unit.server_args.test_server_args.TestImageProcessorBackend" name="test_legacy_flag_rejects_torchvision_backend" time="0.000" /><testcase classname="registered.unit.server_args.test_server_args.TestImageProcessorBackend" name="test_new_backend_does_not_set_legacy_flag" time="0.000" /><testcase classname="registered.unit.server_args.test_server_args.TestMultimodalFeatureTransport" name="test_cuda_ipc_is_explicit_and_bounded" time="0.001" /><testcase classname="registered.unit.server_args.test_server_args.TestMultimodalFeatureTransport" name="test_cuda_ipc_rejects_multi_node" time="0.000" /><testcase classname="registered.unit.server_args.test_server_args.TestMultimodalFeatureTransport" name="test_cuda_ipc_rejects_non_nvidia_platforms" time="0.000" /><testcase classname="registered.unit.server_args.test_server_args.TestMultimodalFeatureTransport" name="test_cuda_vmm_is_explicit_and_uses_shared_budget" time="0.001" /><testcase classname="registered.unit.server_args.test_server_args.TestMultimodalFeatureTransport" name="test_cuda_vmm_rejects_non_nvidia_platforms" time="0.000" /><testcase classname="registered.unit.server_args.test_server_args.TestMultimodalFeatureTransport" name="test_cuda_vmm_rejects_pipeline_parallelism" time="0.000" /><testcase classname="registered.unit.server_args.test_server_args.TestMultimodalFeatureTransport" name="test_cuda_vmm_rejects_rust_server" time="0.000" /><testcase classname="registered.unit.server_args.test_server_args.TestMultimodalFeatureTransport" name="test_default_transport_is_cpu" time="0.000" /><testcase classname="registered.unit.server_args.test_server_args.TestMultimodalFeatureTransport" name="test_default_transport_is_cpu_for_language_only_model" time="0.000" /><testcase classname="registered.unit.server_args.test_server_args.TestMultimodalFeatureTransport" name="test_default_transport_is_cpu_for_multimodal_model" time="0.000" /><testcase classname="registered.unit.server_args.test_server_args.TestMultimodalFeatureTransport" name="test_default_transport_is_cpu_for_multinode_non_mnnvl" time="0.001" /><testcase classname="registered.unit.server_args.test_server_args.TestMultimodalFeatureTransport" name="test_default_transport_is_cpu_for_text_only_model" time="0.000" /><testcase classname="registered.unit.server_args.test_server_args.TestMultimodalFeatureTransport" name="test_default_transport_is_cpu_for_unsupported_multinode_model" time="0.045" /><testcase classname="registered.unit.server_args.test_server_args.TestMultimodalFeatureTransport" name="test_default_transport_is_cpu_without_imex_channel" time="0.001" /><testcase classname="registered.unit.server_args.test_server_args.TestMultimodalFeatureTransport" name="test_default_transport_is_cuda_vmm_for_supported_multinode_mnnvl" time="0.001" /><testcase classname="registered.unit.server_args.test_server_args.TestMultimodalFeatureTransport" name="test_explicit_cpu_overrides_legacy_environment" time="0.001" /><testcase classname="registered.unit.server_args.test_server_args.TestMultimodalFeatureTransport" name="test_legacy_keep_flag_maps_to_cuda_ipc" time="0.001" /><testcase classname="registered.unit.server_args.test_server_args.TestMultimodalFeatureTransport" name="test_legacy_keep_flag_rejects_explicit_cuda_vmm" time="0.000" /><testcase classname="registered.unit.server_args.test_server_args.TestMambaCacheStochasticRounding" name="test_rejects_fp32_ssm_cache" time="0.000" /><testcase classname="registered.unit.server_args.test_server_args.TestMambaCacheStochasticRounding" name="test_rejects_non_cuda" time="0.000" /><testcase classname="registered.unit.server_args.test_server_args.TestMambaCacheStochasticRounding" name="test_rejects_triton_without_sm100" time="0.000" /><testcase classname="registered.unit.server_args.test_server_args.TestLoadBalanceMethod" name="test_non_pd_defaults_to_round_robin" time="0.000" /><testcase classname="registered.unit.server_args.test_server_args.TestLoadBalanceMethod" name="test_pd_decode_dcp_allows_fake_transfer_backend" time="0.000" /><testcase classname="registered.unit.server_args.test_server_args.TestLoadBalanceMethod" name="test_pd_decode_dcp_forces_chunk_cache" time="0.000" /><testcase classname="registered.unit.server_args.test_server_args.TestLoadBalanceMethod" name="test_pd_decode_dcp_rejects_hierarchical_cache" time="0.000" /><testcase classname="registered.unit.server_args.test_server_args.TestLoadBalanceMethod" name="test_pd_decode_dcp_rejects_radix_cache" time="0.000" /><testcase classname="registered.unit.server_args.test_server_args.TestLoadBalanceMethod" name="test_pd_decode_dcp_rejects_unsupported_transfer_backend" time="0.000" /><testcase classname="registered.unit.server_args.test_server_args.TestLoadBalanceMethod" name="test_pd_decode_defaults_to_round_robin" time="0.000" /><testcase classname="registered.unit.server_args.test_server_args.TestLoadBalanceMethod" name="test_pd_decode_hicache_allows_rust_tree_core" time="0.000" /><testcase classname="registered.unit.server_args.test_server_args.TestLoadBalanceMethod" name="test_pd_decode_radix_cache_allows_mooncake_tcp" time="0.000" /><testcase classname="registered.unit.server_args.test_server_args.TestLoadBalanceMethod" name="test_pd_decode_radix_cache_rejects_fake_backend" time="0.000" /><testcase classname="registered.unit.server_args.test_server_args.TestLoadBalanceMethod" name="test_pd_decode_radix_cache_rejects_hisparse" time="0.000" /><testcase classname="registered.unit.server_args.test_server_args.TestLoadBalanceMethod" name="test_pd_prefill_dcp_warns_about_performance" time="0.000" /><testcase classname="registered.unit.server_args.test_server_args.TestLoadBalanceMethod" name="test_pd_prefill_defaults_to_follow_bootstrap_room" time="0.000" /><testcase classname="registered.unit.server_args.test_server_args.TestSkipTokenizerInit" name="test_skip_tokenizer_worker_counts" time="0.000" /><testcase classname="registered.unit.server_args.test_server_args.TestHiSparseDsaBackendPolicy" name="test_hisparse_accepts_aiter_backend_on_rocm" time="0.000" /><testcase classname="registered.unit.server_args.test_server_args.TestHiSparseDsaBackendPolicy" name="test_hisparse_accepts_bfloat16_kv_cache_dtype" time="0.000" /><testcase classname="registered.unit.server_args.test_server_args.TestHiSparseDsaBackendPolicy" name="test_hisparse_accepts_flashinfer_sparse_mla_on_cuda_fp8" time="0.000" /><testcase classname="registered.unit.server_args.test_server_args.TestHiSparseDsaBackendPolicy" name="test_hisparse_accepts_fp8_e4m3_kv_cache_dtype" time="0.000" /><testcase classname="registered.unit.server_args.test_server_args.TestHiSparseDsaBackendPolicy" name="test_hisparse_defaults_to_flashmla_kv_on_cuda_fp8" time="0.000" /><testcase classname="registered.unit.server_args.test_server_args.TestHiSparseDsaBackendPolicy" name="test_hisparse_defaults_to_flashmla_sparse_on_cuda_bfloat16" time="0.000" /><testcase classname="registered.unit.server_args.test_server_args.TestHiSparseDsaBackendPolicy" name="test_hisparse_defaults_to_tilelang_on_rocm" time="0.001" /><testcase classname="registered.unit.server_args.test_server_args.TestHiSparseDsaBackendPolicy" name="test_hisparse_preserves_rocm_user_backend_and_defaults_missing_side" time="0.000" /><testcase classname="registered.unit.server_args.test_server_args.TestHiSparseDsaBackendPolicy" name="test_hisparse_rejects_cuda_backend_on_rocm" time="0.000" /><testcase classname="registered.unit.server_args.test_server_args.TestHiSparseDsaBackendPolicy" name="test_hisparse_rejects_rocm_backend_on_cuda" time="0.000" /><testcase classname="registered.unit.server_args.test_server_args.TestHiSparseDsaBackendPolicy" name="test_hisparse_rejects_unsupported_kv_cache_dtype" time="0.000" /><testcase classname="registered.unit.server_args.test_server_args.TestFa4PageSizeAutoForce" name="test_combined_attention_backend_fa4_forces_page_size_128" time="0.001" /><testcase classname="registered.unit.server_args.test_server_args.TestFa4PageSizeAutoForce" name="test_explicit_prefill_fa4_forces_page_size_128" time="0.002" /><testcase classname="registered.unit.server_args.test_server_args.TestContextParallelServerArgs" name="test_canonical_prefill_cp_requires_strategy" time="0.011"><failure message="Exception: retry() exceed maximum number of retries.">ValueError: Prefill CP on HIP/NPU/MUSA is deprecated; CP support will be refactored soon.

During handling of the above exception, another exception occurred:

self = &lt;test_server_args.TestContextParallelServerArgs testMethod=test_canonical_prefill_cp_requires_strategy&gt;

    def test_canonical_prefill_cp_requires_strategy(self):
        args = self.parser.parse_args(["--model", "dummy", "--enable-prefill-cp"])
    
        self.assertTrue(resolution_result(args, "enable_prefill_cp"))
        self.assertIsNone(resolution_result(args, "cp_strategy"))
    
        server_args = self._new_cp_args(
            enable_prefill_cp=resolution_result(args, "enable_prefill_cp"),
            cp_strategy=resolution_result(args, "cp_strategy"),
        )
&gt;       with self.assertRaisesRegex(ValueError, "--cp-strategy"):
E       AssertionError: "--cp-strategy" does not match "Prefill CP on HIP/NPU/MUSA is deprecated; CP support will be refactored soon."

test/registered/unit/server_args/test_server_args.py:1119: AssertionError

During handling of the above exception, another exception occurred:
python/sglang/test/test_utils.py:2194: in _callTestMethod
    retry(
_ _ _ _ _ _ _ _ _ _ _ _ _ _ _ _ _ _ _ _ _ _ _ _ _ _ _ _ _ _ _ _ _ _ _ _ _ _ _ _ 

fn = &lt;function CustomTestCase._callTestMethod.&lt;locals&gt;.&lt;lambda&gt; at 0x7f975dae8680&gt;
max_retry = 0, initial_delay = 2.0, max_delay = 60.0
should_retry = &lt;function &lt;lambda&gt; at 0x7fa03f9f6fc0&gt;

    def retry(
        fn,
        max_retry: int,
        initial_delay: float = 2.0,
        max_delay: float = 60.0,
        should_retry: Callable[[Any], bool] = lambda e: True,
    ):
        for try_index in itertools.count():
            try:
                return fn()
            except SkipTest:
                # Do NOT retry skipped tests - used in CI and unittest
                raise
            except _ShouldStop:
                # `unittest.case._ShouldStop` is raised by `subTest.__exit__`
                # when a subtest fails/skips and `result.failfast` is True
                # (CI invokes `python3 file.py -f`). It signals the outer
                # `testPartExecutor` to stop the test method cleanly; do
                # NOT retry, just propagate so unittest handles it.
                raise
            except Exception as e:
                traceback.print_exc()
    
                if try_index &gt;= max_retry:
&gt;                   raise Exception(f"retry() exceed maximum number of retries.")
E                   Exception: retry() exceed maximum number of retries.

python/sglang/srt/utils/common.py:3529: Exception</failure></testcase><testcase classname="registered.unit.server_args.test_server_args.TestContextParallelServerArgs" name="test_context_parallel_handler_initializes_cp_strategy" time="0.011"><failure message="Exception: retry() exceed maximum number of retries.">self = &lt;test_server_args.TestContextParallelServerArgs testMethod=test_context_parallel_handler_initializes_cp_strategy&gt;

    def test_context_parallel_handler_initializes_cp_strategy(self):
        server_args = self._new_cp_args(
            enable_prefill_cp=True,
            cp_strategy="interleave",
            attn_cp_size=2,
            tp_size=2,
        )
    
&gt;       handle_context_parallelism(server_args)

test/registered/unit/server_args/test_server_args.py:1159: 
_ _ _ _ _ _ _ _ _ _ _ _ _ _ _ _ _ _ _ _ _ _ _ _ _ _ _ _ _ _ _ _ _ _ _ _ _ _ _ _ 
python/sglang/srt/arg_groups/parallel_hook.py:31: in handle_context_parallelism
    validate_prefill_cp_platform(server_args)
_ _ _ _ _ _ _ _ _ _ _ _ _ _ _ _ _ _ _ _ _ _ _ _ _ _ _ _ _ _ _ _ _ _ _ _ _ _ _ _ 

server_args = ServerArgs(model_path='instance://127.0.0.1:8000/dummy', tokenizer_path=None, tokenizer_mode='auto', tokenizer_backend...bedding=None, speculative_domino_candidate_pool_size=2048, flashinfer_a2a_dispatch_type=None, dsv4_attn_backend='auto')

    def validate_prefill_cp_platform(server_args: Any):
        """Reject deprecated platform CP before resolving models or CP topology."""
        cfg = resolving_view(server_args)
        platform = get_platform()
        if cfg.enable_prefill_cp and (
            platform.is_hip or platform.is_npu or platform.is_musa
        ):
&gt;           raise ValueError(
                "Prefill CP on HIP/NPU/MUSA is deprecated; CP support will be refactored soon."
            )
E           ValueError: Prefill CP on HIP/NPU/MUSA is deprecated; CP support will be refactored soon.

python/sglang/srt/arg_groups/parallel_hook.py:592: ValueError

During handling of the above exception, another exception occurred:
python/sglang/test/test_utils.py:2194: in _callTestMethod
    retry(
_ _ _ _ _ _ _ _ _ _ _ _ _ _ _ _ _ _ _ _ _ _ _ _ _ _ _ _ _ _ _ _ _ _ _ _ _ _ _ _ 

fn = &lt;function CustomTestCase._callTestMethod.&lt;locals&gt;.&lt;lambda&gt; at 0x7f975dae80e0&gt;
max_retry = 0, initial_delay = 2.0, max_delay = 60.0
should_retry = &lt;function &lt;lambda&gt; at 0x7fa03f9f6fc0&gt;

    def retry(
        fn,
        max_retry: int,
        initial_delay: float = 2.0,
        max_delay: float = 60.0,
        should_retry: Callable[[Any], bool] = lambda e: True,
    ):
        for try_index in itertools.count():
            try:
                return fn()
            except SkipTest:
                # Do NOT retry skipped tests - used in CI and unittest
                raise
            except _ShouldStop:
                # `unittest.case._ShouldStop` is raised by `subTest.__exit__`
                # when a subtest fails/skips and `result.failfast` is True
                # (CI invokes `python3 file.py -f`). It signals the outer
                # `testPartExecutor` to stop the test method cleanly; do
                # NOT retry, just propagate so unittest handles it.
                raise
            except Exception as e:
                traceback.print_exc()
    
                if try_index &gt;= max_retry:
&gt;                   raise Exception(f"retry() exceed maximum number of retries.")
E                   Exception: retry() exceed maximum number of retries.

python/sglang/srt/utils/common.py:3529: Exception</failure></testcase><testcase classname="registered.unit.server_args.test_server_args.TestContextParallelServerArgs" name="test_deepseek_v32_prefill_cp_rejects_zigzag" time="0.010" /><testcase classname="registered.unit.server_args.test_server_args.TestContextParallelServerArgs" name="test_generic_v1_cp_options_are_not_public_cli" time="0.021" /><testcase classname="registered.unit.server_args.test_server_args.TestFlashinferA2ADispatchType" name="test_auto_resolves_hybrid_nvfp4_metadata_to_nvfp4" time="0.001" /><testcase classname="registered.unit.server_args.test_server_args.TestFlashinferA2ADispatchType" name="test_auto_resolves_modelopt_fp4_to_nvfp4" time="0.000" /><testcase classname="registered.unit.server_args.test_server_args.TestFlashinferA2ADispatchType" name="test_auto_resolves_mxfp8_and_normalizes_trtllm" time="0.000" /><testcase classname="registered.unit.server_args.test_server_args.TestFlashinferA2ADispatchType" name="test_explicit_bf16_overrides_auto" time="0.000" /><testcase classname="registered.unit.server_args.test_server_args.TestFlashinferA2ADispatchType" name="test_explicit_dispatch_type_requires_flashinfer_a2a" time="0.000" /><testcase classname="registered.unit.server_args.test_server_args.TestFlashinferA2ADispatchType" name="test_explicit_nvfp4_checks_hybrid_metadata_for_mxfp8_quantization" time="0.000" /><testcase classname="registered.unit.server_args.test_server_args.TestFlashinferA2ADispatchType" name="test_legacy_env_conflicts_with_explicit_cli" time="0.000" /><testcase classname="registered.unit.server_args.test_server_args.TestFlashinferA2ADispatchType" name="test_legacy_env_maps_to_dispatch_type" time="0.000" /><testcase classname="registered.unit.server_args.test_server_args.TestFlashinferA2ADispatchType" name="test_mxfp8_dispatch_requires_mxfp8_quantization" time="0.000" /><testcase classname="registered.unit.server_args.test_server_args.TestFlashinferA2ADispatchType" name="test_runtime_getter_rejects_unresolved_auto" time="0.003" /><testcase classname="registered.unit.server_args.test_server_args.TestFlashinferA2ADispatchType" name="test_unspecified_getter_preserves_legacy_bf16_fallback" time="0.002" /><testcase classname="registered.unit.server_args.test_server_args.TestFlashinferA2ADispatchType" name="test_unspecified_preserves_legacy_nvfp4_auto_enable" time="0.000" /><testcase classname="registered.unit.server_args.test_server_args.TestFlashinferMegaMoeConfig" name="test_megamoe_accepts_audited_model_architectures" time="0.002" /><testcase classname="registered.unit.server_args.test_server_args.TestFlashinferMegaMoeConfig" name="test_megamoe_accepts_supported_quantization_formats" time="0.001" /><testcase classname="registered.unit.server_args.test_server_args.TestFlashinferMegaMoeConfig" name="test_megamoe_combine_dtype_accepts_quantized_values" time="0.001" /><testcase classname="registered.unit.server_args.test_server_args.TestFlashinferMegaMoeConfig" name="test_megamoe_combine_dtype_conflicts_with_ikr" time="0.000" /><testcase classname="registered.unit.server_args.test_server_args.TestFlashinferMegaMoeConfig" name="test_megamoe_combine_dtype_rejects_invalid_value" time="0.001" /><testcase classname="registered.unit.server_args.test_server_args.TestFlashinferMegaMoeConfig" name="test_megamoe_rejects_standard_fp8" time="0.000" /><testcase classname="registered.unit.server_args.test_server_args.TestFlashinferMegaMoeConfig" name="test_megamoe_rejects_unaudited_model_architecture" time="0.000" /><testcase classname="registered.unit.server_args.test_server_args.TestFlashinferMegaMoeConfig" name="test_megamoe_requires_sm100_for_all_quantization_formats" time="0.001" /><testcase classname="registered.unit.server_args.test_server_args.TestPortArgs" name="test_init_new_builds_decoupled_spec_ipc_config" time="0.001" /><testcase classname="registered.unit.server_args.test_server_args.TestPortArgs" name="test_init_new_decoupled_role_requires_endpoints" time="0.000" /><testcase classname="registered.unit.server_args.test_server_args.TestPortArgs" name="test_init_new_no_decoupled_config_when_role_null" time="0.001" /><testcase classname="registered.unit.server_args.test_server_args.TestPortArgs" name="test_init_new_standard_case" time="0.001" /><testcase classname="registered.unit.server_args.test_server_args.TestPortArgs" name="test_init_new_with_dp_rank" time="0.000" /><testcase classname="registered.unit.server_args.test_server_args.TestPortArgs" name="test_init_new_with_ipv4_address" time="0.001" /><testcase classname="registered.unit.server_args.test_server_args.TestPortArgs" name="test_init_new_with_malformed_ipv4_address" time="0.000" /><testcase classname="registered.unit.server_args.test_server_args.TestPortArgs" name="test_init_new_with_malformed_ipv4_address_invalid_port" time="0.000" /><testcase classname="registered.unit.server_args.test_server_args.TestPortArgs" name="test_init_new_with_single_node_dp_attention" time="0.001" /><testcase classname="registered.unit.server_args.test_server_args.TestSSLArgs" name="test_enable_ssl_refresh_with_ssl_accepted" time="0.000" /><testcase classname="registered.unit.server_args.test_server_args.TestSSLArgs" name="test_enable_ssl_refresh_without_ssl_raises" time="0.000" /><testcase classname="registered.unit.server_args.test_server_args.TestSSLArgs" name="test_ssl_ca_certs_not_found_raises" time="0.001" /><testcase classname="registered.unit.server_args.test_server_args.TestSSLArgs" name="test_ssl_ca_certs_without_certfile_raises" time="0.000" /><testcase classname="registered.unit.server_args.test_server_args.TestSSLArgs" name="test_ssl_certfile_not_found_raises" time="0.000" /><testcase classname="registered.unit.server_args.test_server_args.TestSSLArgs" name="test_ssl_certfile_without_keyfile_raises" time="0.000" /><testcase classname="registered.unit.server_args.test_server_args.TestSSLArgs" name="test_ssl_keyfile_not_found_raises" time="0.000" /><testcase classname="registered.unit.server_args.test_server_args.TestSSLArgs" name="test_ssl_keyfile_password_without_certfile_raises" time="0.000" /><testcase classname="registered.unit.server_args.test_server_args.TestSSLArgs" name="test_ssl_keyfile_without_certfile_raises" time="0.000" /><testcase classname="registered.unit.server_args.test_server_args.TestSSLArgs" name="test_ssl_verify_with_ssl_and_ca" time="0.000" /><testcase classname="registered.unit.server_args.test_server_args.TestSSLArgs" name="test_ssl_verify_with_ssl_no_ca" time="0.000" /><testcase classname="registered.unit.server_args.test_server_args.TestSSLArgs" name="test_ssl_verify_without_ssl" time="0.000" /><testcase classname="registered.unit.server_args.test_server_args.TestSSLArgs" name="test_url_returns_http_without_ssl" time="0.000" /><testcase classname="registered.unit.server_args.test_server_args.TestSSLArgs" name="test_url_returns_https_with_ssl" time="0.000" /><testcase classname="registered.unit.server_args.test_server_args.TestSSLArgs" name="test_url_rewrites_all_interfaces_to_loopback" time="0.000" /><testcase classname="registered.unit.server_args.test_server_args.TestSSLArgs" name="test_url_rewrites_empty_host_to_loopback" time="0.000" /><testcase classname="registered.unit.server_args.test_server_args.TestHiCacheArgs" name="test_buffer_only_accepts_both_tree_cores" time="0.000" /><testcase classname="registered.unit.server_args.test_server_args.TestHiCacheArgs" name="test_decode_offload_allows_cpu_tensor_retraction" time="0.000" /><testcase classname="registered.unit.server_args.test_server_args.TestHiCacheArgs" name="test_decode_offload_rejects_host_pool_retraction" time="0.000" /><testcase classname="registered.unit.server_args.test_server_args.TestHiCacheArgs" name="test_hicache_io_backend_and_mem_layout_compatibility" time="0.001" /><testcase classname="registered.unit.server_args.test_server_args.TestHiCacheArgs" name="test_hicache_kernel_keeps_implicit_fa3_decode_backend" time="0.000" /><testcase classname="registered.unit.server_args.test_server_args.TestNgramExternalSamArgs" name="test_external_corpus_max_tokens_must_be_positive" time="0.003" /><testcase classname="registered.unit.server_args.test_server_args.TestNgramExternalSamArgs" name="test_external_sam_budget_must_fit_draft_budget" time="0.000" /><testcase classname="registered.unit.server_args.test_server_args.TestDecoupledSpecArgs" name="test_decoupled_spec_cli_flags_round_trip" time="0.011" /><testcase classname="registered.unit.server_args.test_server_args.TestDecoupledSpecArgs" name="test_decoupled_spec_role_rejects_invalid_choice" time="0.012" /><testcase classname="registered.unit.server_args.test_server_args.TestAdaptiveSpecArgs" name="test_adaptive_defaults_to_config_step_when_spec_params_omitted" time="0.003" /><testcase classname="registered.unit.server_args.test_server_args.TestDFlashDraftQuantizationWarning" name="test_unquantized_draft_does_not_warn" time="0.001" /><testcase classname="registered.unit.server_args.test_server_args.TestDFlashDraftQuantizationWarning" name="test_warns_for_explicit_quantized_draft" time="0.000" /><testcase classname="registered.unit.server_args.test_server_args.TestDFlashDraftQuantizationWarning" name="test_warns_when_target_quantization_was_inherited" time="0.000" /><testcase classname="registered.unit.server_args.test_server_args.TestWaterfillArgs" name="test_waterfill_enforces_shared_experts_fusion" time="0.000" /><testcase classname="registered.unit.server_args.test_server_args.TestWaterfillArgs" name="test_waterfill_keeps_megamoe_backend" time="0.000" /><testcase classname="registered.unit.server_args.test_server_args.TestWaterfillArgs" name="test_waterfill_overrides_moe_a2a_backend_to_deepep" time="0.000" /><testcase classname="registered.unit.server_args.test_server_args.TestWaterfillArgs" name="test_waterfill_supports_deepep_low_latency_mode" time="0.000" /><testcase classname="registered.unit.server_args.test_server_args.TestPrefillOnlyDisableKvCache" name="test_rejects_attn_cp_size_greater_than_one" time="0.000" /><testcase classname="registered.unit.server_args.test_server_args.TestPrefillOnlyDisableKvCache" name="test_rejects_fp4_kv_cache" time="0.000" /><testcase classname="registered.unit.server_args.test_server_args.TestPrefillOnlyDisableKvCache" name="test_rejects_hisparse" time="0.000" /><testcase classname="registered.unit.server_args.test_server_args.TestPrefillOnlyDisableKvCache" name="test_rejects_prefill_context_parallel" time="0.000" /><testcase classname="registered.unit.server_args.test_server_args.TestPrefillOnlyDisableKvCache" name="test_rejects_when_chunked_prefill_size_not_minus_one" time="0.000" /><testcase classname="registered.unit.server_args.test_server_args.TestPrefillOnlyDisableKvCache" name="test_rejects_when_not_embedding" time="0.000" /><testcase classname="registered.unit.server_args.test_server_args.TestPrefillOnlyDisableKvCache" name="test_rejects_when_radix_cache_enabled" time="0.000" /><testcase classname="registered.unit.server_args.test_server_args.TestPrefillOnlyDisableKvCache" name="test_valid_minimal_config_constructs" time="0.000" /><testcase classname="registered.unit.server_args.test_server_args.TestCudaGraphConfigDataclassAccess" name="test_tc_piecewise_build_config_reads_phase_config_dataclass" time="0.159" /><testcase classname="registered.unit.server_args.test_server_args.TestPipelineParallelPrefillCudaGraphPolicy" name="test_pp_prefill_capture_limit_policy" time="0.001" /><testcase classname="registered.unit.server_args.test_server_args.TestPipelineParallelPrefillCudaGraphPolicy" name="test_pp_prefill_graph_is_opt_in" time="0.001" /><testcase classname="registered.unit.server_args.test_server_args.TestCudaGraphDisaggregationRoles" name="test_cuda_graph_decode_role_defaults_disable_prefill_graph" time="0.004" /><testcase classname="registered.unit.server_args.test_server_args.TestCudaGraphDisaggregationRoles" name="test_cuda_graph_explicit_decode_backend_survives_prefill_role" time="0.000" /><testcase classname="registered.unit.server_args.test_server_args.TestCudaGraphDisaggregationRoles" name="test_cuda_graph_global_disable_still_disables_both_phases_for_all_roles" time="0.001" /><testcase classname="registered.unit.server_args.test_server_args.TestCudaGraphDisaggregationRoles" name="test_cuda_graph_prefill_role_defaults_disable_decode_graph" time="0.000" /><testcase classname="registered.unit.server_args.test_server_args.TestPrefillCudaGraphLoRACompatibility" name="test_enable_lora_keeps_breakable_prefill_graph" time="0.000" /><testcase classname="registered.unit.server_args.test_server_args.TestPrefillCudaGraphLoRACompatibility" name="test_lora_paths_keep_breakable_prefill_graph" time="0.000" /><testcase classname="registered.unit.server_args.test_server_args.TestPrefillCudaGraphLoRACompatibility" name="test_lora_still_disables_tc_piecewise_prefill_graph" time="0.000" /><testcase classname="registered.unit.server_args.test_server_args.TestBreakableCudaGraphMultimodalAllowlist" name="test_allowlist_membership" time="0.000" /><testcase classname="registered.unit.server_args.test_server_args.TestBreakableCudaGraphMultimodalAllowlist" name="test_allowlisted_multimodal_arch_keeps_prefill_breakable" time="0.000" /><testcase classname="registered.unit.server_args.test_server_args.TestBreakableCudaGraphMultimodalAllowlist" name="test_multimodal_arch_disables_prefill_breakable" time="0.000" /><testcase classname="registered.unit.server_args.test_server_args.TestCutedslMoeMaxNumTokens" name="test_piecewise_bound_excluded_when_disabled" time="0.000" /><testcase classname="registered.unit.server_args.test_server_args.TestCutedslMoeMaxNumTokens" name="test_prefill_dominates_in_default_config" time="0.000" /><testcase classname="registered.unit.server_args.test_server_args.TestCutedslMoeMaxNumTokens" name="test_speculative_decoding_scales_decode_bound" time="0.000" /><testcase classname="registered.unit.server_args.test_server_args.TestSamplingBackendTokenOracleEnvGate" name="test_gate_is_recomputed_for_each_parser" time="0.020" /><testcase classname="registered.unit.server_args.test_server_args.TestSamplingBackendTokenOracleEnvGate" name="test_token_oracle_accepted_when_env_enabled" time="0.011" /><testcase classname="registered.unit.server_args.test_server_args.TestSamplingBackendTokenOracleEnvGate" name="test_token_oracle_rejected_when_env_disabled" time="0.012" /><testcase classname="registered.unit.server_args.test_server_args.TestDeepEPv2Args" name="test_adaptive_speculative_uses_widest_candidate" time="0.001" /><testcase classname="registered.unit.server_args.test_server_args.TestDeepEPv2Args" name="test_auto_runner_defaults_to_deep_gemm" time="0.001" /><testcase classname="registered.unit.server_args.test_server_args.TestDeepEPv2Args" name="test_capacity_validation_uses_resolved_backend" time="0.001" /><testcase classname="registered.unit.server_args.test_server_args.TestDeepEPv2Args" name="test_declarations_resolve_ep_size_and_fusion" time="0.001" /><testcase classname="registered.unit.server_args.test_server_args.TestDeepEPv2Args" name="test_decode_graph_capacity_boundaries" time="0.002" /><testcase classname="registered.unit.server_args.test_server_args.TestDeepEPv2Args" name="test_decode_graph_stays_enabled_in_both_comm_modes" time="0.002" /><testcase classname="registered.unit.server_args.test_server_args.TestDeepEPv2Args" name="test_decode_role_skips_prefill_capacity" time="0.001" /><testcase classname="registered.unit.server_args.test_server_args.TestDeepEPv2Args" name="test_deterministic_inference_does_not_affect_legacy_deepep" time="0.001" /><testcase classname="registered.unit.server_args.test_server_args.TestDeepEPv2Args" name="test_deterministic_inference_rejected" time="0.001" /><testcase classname="registered.unit.server_args.test_server_args.TestDeepEPv2Args" name="test_disabled_chunking_uses_max_prefill_tokens" time="0.002" /><testcase classname="registered.unit.server_args.test_server_args.TestDeepEPv2Args" name="test_dp_attention_divides_max_running_requests_per_rank" time="0.001" /><testcase classname="registered.unit.server_args.test_server_args.TestDeepEPv2Args" name="test_dynamic_chunking_probe_is_included" time="0.001" /><testcase classname="registered.unit.server_args.test_server_args.TestDeepEPv2Args" name="test_explicit_legacy_speculative_backend_allowed" time="0.001" /><testcase classname="registered.unit.server_args.test_server_args.TestDeepEPv2Args" name="test_inherited_speculative_draft_backend_rejected" time="0.001" /><testcase classname="registered.unit.server_args.test_server_args.TestDeepEPv2Args" name="test_instance_connector_rejected" time="0.001" /><testcase classname="registered.unit.server_args.test_server_args.TestDeepEPv2Args" name="test_memory_derived_eager_pool_remains_runtime_validated" time="0.001" /><testcase classname="registered.unit.server_args.test_server_args.TestDeepEPv2Args" name="test_ngram_does_not_inherit_a_draft_backend" time="0.001" /><testcase classname="registered.unit.server_args.test_server_args.TestDeepEPv2Args" name="test_other_backend_skips_capacity_validation" time="0.001" /><testcase classname="registered.unit.server_args.test_server_args.TestDeepEPv2Args" name="test_prefill_chunk_at_cap_boundary_accepted" time="0.001" /><testcase classname="registered.unit.server_args.test_server_args.TestDeepEPv2Args" name="test_prefill_chunk_exceeding_cap_rejected" time="0.001" /><testcase classname="registered.unit.server_args.test_server_args.TestDeepEPv2Args" name="test_prefill_role_skips_decode_capacity" time="0.001" /><testcase classname="registered.unit.server_args.test_server_args.TestDeepEPv2Args" name="test_resolved_legacy_speculative_backend_allowed" time="0.001" /><testcase classname="registered.unit.server_args.test_server_args.TestDeepEPv2Args" name="test_rl_on_policy_deterministic_inference_rejected" time="0.001" /><testcase classname="registered.unit.server_args.test_server_args.TestDeepEPv2Args" name="test_runner_restored_by_declaration_fails_fast" time="0.001" /><testcase classname="registered.unit.server_args.test_server_args.TestDeepEPv2Args" name="test_speculative_decode_width_is_included" time="0.001" /><testcase classname="registered.unit.server_args.test_server_args.TestDeepEPv2Args" name="test_speculative_draft_backend_rejected" time="0.002" /><testcase classname="registered.unit.server_args.test_server_args.TestDeepEPv2Args" name="test_tp_only_max_running_requests_is_not_divided" time="0.001" /><testcase classname="registered.unit.server_args.test_server_args.TestDeepEPv2Args" name="test_triton_runner_rejected" time="0.001" /><testcase classname="registered.unit.server_args.test_server_args.TestDeepEPv2Args" name="test_two_batch_overlap_rejected" time="0.001" /><testcase classname="registered.unit.server_args.test_server_args.TestDeepEPv2Args" name="test_unsupported_runner_rejected" time="0.001" /><testcase classname="registered.unit.server_args.test_server_args.TestDeepEPv2Args" name="test_unvalidated_and_missing_architectures_rejected" time="0.003" /><testcase classname="registered.unit.server_args.test_server_args.TestDeepEPv2Args" name="test_validated_architectures_allowed" time="0.002" /><testcase classname="registered.unit.server_args.test_server_args.TestHandleCrashDumpEnv" name="test_creates_coredump_dir_when_auto_set" time="0.001" /><testcase classname="registered.unit.server_args.test_server_args.TestHandleCrashDumpEnv" name="test_creates_coredump_dir_when_env_preset" time="0.001" /><testcase classname="registered.unit.server_args.test_server_args.TestGrpcServerArgs" name="test_env_grpc_port_enables_native" time="0.000" /><testcase classname="registered.unit.server_args.test_server_args.TestGrpcServerArgs" name="test_grpc_mode_is_deprecated_alias_for_smg_grpc_mode" time="0.001" /><testcase classname="registered.unit.server_args.test_server_args.TestGrpcServerArgs" name="test_grpc_port_enables_native_and_env_knobs" time="0.000" /><testcase classname="registered.unit.server_args.test_server_args.TestGrpcServerArgs" name="test_http_only_high_port_does_not_derive_grpc_port" time="0.000" /><testcase classname="registered.unit.server_args.test_server_args.TestGrpcServerArgs" name="test_invalid_grpc_worker_threads_rejected" time="0.000" /><testcase classname="registered.unit.server_args.test_server_args.TestGrpcServerArgs" name="test_legacy_smg_derives_grpc_port_from_http_port" time="0.000" /><testcase classname="registered.unit.server_args.test_server_args.TestGrpcServerArgs" name="test_legacy_smg_takes_precedence_over_grpc_port" time="0.000" /><testcase classname="registered.unit.server_args.test_server_args.TestGrpcServerArgs" name="test_native_grpc_rejects_http_auth" time="0.000" /><testcase classname="registered.unit.server_args.test_server_args.TestGrpcServerArgs" name="test_native_grpc_rejects_multi_tokenizer" time="0.000" /><testcase classname="registered.unit.server_args.test_server_args.TestGrpcServerArgs" name="test_sidecar_args_parse_as_exact_json_argv" time="0.010" /><testcase classname="registered.unit.server_args.test_server_args.TestGrpcServerArgs" name="test_sidecar_builds_loopback_grpc_endpoints" time="0.000" /><testcase classname="registered.unit.server_args.test_server_args.TestGrpcServerArgs" name="test_sidecar_rejects_empty_value" time="0.000" /><testcase classname="registered.unit.server_args.test_server_args.TestGrpcServerArgs" name="test_sidecar_rejects_legacy_grpc" time="0.000" /><testcase classname="registered.unit.server_args.test_server_args.TestGrpcServerArgs" name="test_sidecar_requires_native_grpc" time="0.000" /><testcase classname="registered.unit.server_args.test_server_args.TestGrpcServerArgs" name="test_sidecar_sets_endpoint_env_before_import_and_calls_main" time="0.001" /><testcase classname="registered.unit.server_args.test_server_args.TestGrpcServerArgs" name="test_sidecar_stop_uses_configured_shutdown_timeout" time="0.001" /><testcase classname="registered.unit.server_args.test_server_args.TestGrpcServerArgs" name="test_start_server_call_site_matches_native_signature" time="1.701" /><testcase classname="registered.unit.server_args.test_server_args.TestGrpcServerArgs" name="test_start_sidecar_passes_endpoint_and_provider_argv_separately" time="0.003" /><testcase classname="registered.unit.server_args.test_server_args.TestTwoBatchOverlapBackend" name="test_ep_a2a_backend_ok_without_dp_attention" time="0.000" /><testcase classname="registered.unit.server_args.test_server_args.TestTwoBatchOverlapBackend" name="test_no_a2a_with_dp_attention_ok" time="0.000" /><testcase classname="registered.unit.server_args.test_server_args.TestTwoBatchOverlapBackend" name="test_no_a2a_without_dp_attention_raises" time="0.000" /><testcase classname="registered.unit.server_args.test_server_args.TestDcpKvEventContract" name="test_kv_event_block_size_widens_a_single_token_page" time="0.000" /><testcase classname="registered.unit.server_args.test_server_args.TestDcpKvEventContract" name="test_kv_events_descriptor_reports_logical_block_size" time="0.000" /><testcase classname="registered.unit.server_args.test_server_args.TestTheInputIsSealedDuringResolution" name="test_a_failed_resolution_does_not_leave_it_sealed" time="0.001" /><testcase classname="registered.unit.server_args.test_server_args.TestTheInputIsSealedDuringResolution" name="test_a_write_before_resolution_is_fine" time="0.000" /><testcase classname="registered.unit.server_args.test_server_args.TestTheInputIsSealedDuringResolution" name="test_a_write_during_resolution_is_refused" time="0.000" /><testcase classname="registered.unit.server_args.test_server_args.TestTheInputIsSealedDuringResolution" name="test_it_has_no_exception" time="0.000" /><testcase classname="registered.unit.server_args.test_server_args.TestTheInputIsSealedDuringResolution" name="test_the_seal_comes_off_when_resolution_ends" time="0.001" /><testcase classname="registered.unit.server_args.test_server_args.TestLaunchCommand" name="test_a_record_nobody_launched_has_no_command" time="0.000" /><testcase classname="registered.unit.server_args.test_server_args.TestLaunchCommand" name="test_it_crosses_a_process_boundary" time="0.012" /><testcase classname="registered.unit.server_args.test_server_args.TestLaunchCommand" name="test_it_is_not_a_config_field" time="0.002" /><testcase classname="registered.unit.server_args.test_server_args.TestLaunchCommand" name="test_the_launcher_records_what_it_parsed" time="0.011" /><testcase classname="registered.unit.server_args.test_server_args.TestNoneMeansUnset" name="test_a_dummy_model_still_gets_the_generic_values" time="0.001" /><testcase classname="registered.unit.server_args.test_server_args.TestNoneMeansUnset" name="test_an_explicit_value_equal_to_the_generic_one_still_reads_as_set" time="0.001" /><testcase classname="registered.unit.server_args.test_server_args.TestNoneMeansUnset" name="test_an_explicit_value_is_never_overwritten" time="0.283" /><testcase classname="registered.unit.server_args.test_server_args.TestNoneMeansUnset" name="test_the_record_keeps_none_and_resolution_supplies_the_value" time="0.237" /><testcase classname="registered.unit.server_args.test_server_args.TestNoneMeansUnset" name="test_the_swa_ratio_behaves_the_same_way" time="0.379" /><testcase classname="registered.unit.server_args.test_server_args.TestNoneMeansUnset" name="test_the_swa_ratio_is_still_range_checked" time="0.169" /></testsuite></testsuites>