<?xml version="1.0" encoding="utf-8"?><testsuites name="pytest tests"><testsuite name="pytest" errors="0" failures="0" skipped="0" tests="211" time="0.968" timestamp="2026-09-12T23:03:07.193021+00:00" hostname="gbt350-odcdh1-a08-1.png-odc.dcgpu"><testcase classname="registered.unit.managers.test_time_stats_msgpack" name="test_all_time_stats_are_msgspec_structs" time="0.000" /><testcase classname="registered.unit.managers.test_time_stats_msgpack" name="test_request_time_stats_round_trip_in_both_transport_modes" time="0.001" /><testcase classname="registered.unit.managers.test_time_stats_msgpack" name="test_scheduler_time_stats_calibrate_and_preserve_diagnostic_timing" time="0.001" /><testcase classname="registered.unit.managers.test_io_struct.TestTokenizedReqInputMsgpack" name="test_cuda_ipc_proxy_state_round_trip_preserves_tuple_types" time="0.001" /><testcase classname="registered.unit.managers.test_io_struct.TestTokenizedReqInputMsgpack" name="test_cuda_ipc_proxy_tensor_fallback_round_trip" time="0.001" /><testcase classname="registered.unit.managers.test_io_struct.TestTokenizedReqInputMsgpack" name="test_dynamic_model_specific_attribute_round_trip" time="0.000" /><testcase classname="registered.unit.managers.test_io_struct.TestTokenizedReqInputMsgpack" name="test_embedding_mm_inputs_round_trip_without_pickle_wrapper" time="0.000" /><testcase classname="registered.unit.managers.test_io_struct.TestTokenizedReqInputMsgpack" name="test_empty_cpu_tensor_restore_ignores_default_device" time="0.000" /><testcase classname="registered.unit.managers.test_io_struct.TestTokenizedReqInputMsgpack" name="test_evs_model_specific_data_round_trip" time="0.000" /><testcase classname="registered.unit.managers.test_io_struct.TestTokenizedReqInputMsgpack" name="test_generate_mm_inputs_round_trip_preserves_cuda_tensor_device" time="0.028" /><testcase classname="registered.unit.managers.test_io_struct.TestTokenizedReqInputMsgpack" name="test_generate_mm_inputs_round_trip_without_pickle_wrapper" time="0.001" /><testcase classname="registered.unit.managers.test_io_struct.TestTokenizedReqInputMsgpack" name="test_malformed_known_buffer_ext_is_rejected" time="0.000" /><testcase classname="registered.unit.managers.test_io_struct.TestTokenizedReqInputMsgpack" name="test_multimodal_hash_is_normalized_to_uint64" time="0.000" /><testcase classname="registered.unit.managers.test_io_struct.TestTokenizedReqInputMsgpack" name="test_multimodal_processor_output_supports_weakrefs" time="0.000" /><testcase classname="registered.unit.managers.test_io_struct.TestTokenizedReqInputMsgpack" name="test_rust_tokenized_generate_schema_stays_in_lockstep" time="0.001" /><testcase classname="registered.unit.managers.test_io_struct.TestTokenizedReqInputMsgpack" name="test_torch_tensor_ext_wire_format" time="0.000" /><testcase classname="registered.unit.managers.test_io_struct.TestTokenizedReqInputMsgpack" name="test_unknown_ext_payload_is_preserved_without_decoding" time="0.000" /><testcase classname="registered.unit.managers.test_io_struct.TestGenerateReqInputNormalization" name="test_audio_data_handling" time="0.000" /><testcase classname="registered.unit.managers.test_io_struct.TestGenerateReqInputNormalization" name="test_cache_key_normalization_rejects_invalid_types" time="0.001" /><testcase classname="registered.unit.managers.test_io_struct.TestGenerateReqInputNormalization" name="test_cache_salt_normalization" time="0.000" /><testcase classname="registered.unit.managers.test_io_struct.TestGenerateReqInputNormalization" name="test_correlation_with_sampling_params" time="0.000" /><testcase classname="registered.unit.managers.test_io_struct.TestGenerateReqInputNormalization" name="test_custom_logit_processor_normalization" time="0.000" /><testcase classname="registered.unit.managers.test_io_struct.TestGenerateReqInputNormalization" name="test_data_parallel_rank_alias_does_not_override_routed_dp_rank" time="0.000" /><testcase classname="registered.unit.managers.test_io_struct.TestGenerateReqInputNormalization" name="test_data_parallel_rank_alias_maps_to_routed_dp_rank" time="0.000" /><testcase classname="registered.unit.managers.test_io_struct.TestGenerateReqInputNormalization" name="test_data_parallel_rank_alias_propagates_to_batch_items" time="0.000" /><testcase classname="registered.unit.managers.test_io_struct.TestGenerateReqInputNormalization" name="test_error_cases" time="0.000" /><testcase classname="registered.unit.managers.test_io_struct.TestGenerateReqInputNormalization" name="test_expanding_parallel_sample_correlation" time="0.000" /><testcase classname="registered.unit.managers.test_io_struct.TestGenerateReqInputNormalization" name="test_extra_key_normalization" time="0.000" /><testcase classname="registered.unit.managers.test_io_struct.TestGenerateReqInputNormalization" name="test_getitem_method" time="0.000" /><testcase classname="registered.unit.managers.test_io_struct.TestGenerateReqInputNormalization" name="test_getitem_preserves_return_prompt_token_ids" time="0.000" /><testcase classname="registered.unit.managers.test_io_struct.TestGenerateReqInputNormalization" name="test_input_embeds_normalization" time="0.000" /><testcase classname="registered.unit.managers.test_io_struct.TestGenerateReqInputNormalization" name="test_input_embeds_with_parallel_sampling" time="0.000" /><testcase classname="registered.unit.managers.test_io_struct.TestGenerateReqInputNormalization" name="test_input_ids_normalization" time="0.000" /><testcase classname="registered.unit.managers.test_io_struct.TestGenerateReqInputNormalization" name="test_list_of_images_to_list_of_lists" time="0.000" /><testcase classname="registered.unit.managers.test_io_struct.TestGenerateReqInputNormalization" name="test_list_of_lists_with_different_modalities" time="0.000" /><testcase classname="registered.unit.managers.test_io_struct.TestGenerateReqInputNormalization" name="test_list_of_lists_with_none_values" time="0.000" /><testcase classname="registered.unit.managers.test_io_struct.TestGenerateReqInputNormalization" name="test_logprob_parameters_normalization" time="0.000" /><testcase classname="registered.unit.managers.test_io_struct.TestGenerateReqInputNormalization" name="test_lora_path_normalization" time="0.000" /><testcase classname="registered.unit.managers.test_io_struct.TestGenerateReqInputNormalization" name="test_mixed_none_and_images_with_parallel_samples" time="0.000" /><testcase classname="registered.unit.managers.test_io_struct.TestGenerateReqInputNormalization" name="test_parallel_sampling_preserves_reasoning_controls" time="0.000" /><testcase classname="registered.unit.managers.test_io_struct.TestGenerateReqInputNormalization" name="test_regenerate_rid" time="0.000" /><testcase classname="registered.unit.managers.test_io_struct.TestGenerateReqInputNormalization" name="test_return_hidden_states_batch_length_is_validated" time="0.000" /><testcase classname="registered.unit.managers.test_io_struct.TestGenerateReqInputNormalization" name="test_return_hidden_states_batch_modes_are_validated" time="0.000" /><testcase classname="registered.unit.managers.test_io_struct.TestGenerateReqInputNormalization" name="test_return_hidden_states_expands_with_parallel_sampling" time="0.000" /><testcase classname="registered.unit.managers.test_io_struct.TestGenerateReqInputNormalization" name="test_session_id_handling" time="0.000" /><testcase classname="registered.unit.managers.test_io_struct.TestGenerateReqInputNormalization" name="test_session_params_handling" time="0.000" /><testcase classname="registered.unit.managers.test_io_struct.TestGenerateReqInputNormalization" name="test_single_example_with_image" time="0.000" /><testcase classname="registered.unit.managers.test_io_struct.TestGenerateReqInputNormalization" name="test_single_image_to_list_of_lists" time="0.000" /><testcase classname="registered.unit.managers.test_io_struct.TestGenerateReqInputNormalization" name="test_single_to_batch_with_parallel_sampling" time="0.000" /><testcase classname="registered.unit.managers.test_io_struct.TestGenerateReqInputNormalization" name="test_specific_parallel_n_per_sample" time="0.000" /><testcase classname="registered.unit.managers.test_io_struct.TestEmbeddingReqInputGetItem" name="test_lora_identity_survives_batch_split" time="0.001" /><testcase classname="registered.unit.managers.test_io_struct.TestEmbeddingReqInputGetItem" name="test_lora_path_count_must_match_embedding_batch" time="0.000" /><testcase classname="registered.unit.managers.test_io_struct.TestEmbeddingReqInputGetItem" name="test_priority_is_preserved" time="0.000" /><testcase classname="registered.unit.managers.test_io_struct_msgpack.TestTokenizedGenerateReqInputMsgpack" name="test_mm_data_mooncake_round_trips_all_modalities" time="0.001" /><testcase classname="registered.unit.managers.test_io_struct_msgpack.TestTokenizedGenerateReqInputMsgpack" name="test_mm_data_mooncake_round_trips_empty_list" time="0.000" /><testcase classname="registered.unit.managers.test_io_struct_msgpack.TestTokenizedGenerateReqInputMsgpack" name="test_mm_data_mooncake_round_trips_none" time="0.000" /><testcase classname="registered.unit.managers.test_io_struct_msgpack.TestTokenizedGenerateReqInputMsgpack" name="test_mm_data_mooncake_round_trips_populated" time="0.000" /><testcase classname="registered.unit.managers.test_customized_info_msgpack.TestCustomizedInfoMsgpack" name="test_batch_str_output_round_trips" time="0.000" /><testcase classname="registered.unit.managers.test_customized_info_msgpack.TestCustomizedInfoMsgpack" name="test_batch_token_id_output_round_trips" time="0.000" /><testcase classname="registered.unit.managers.test_customized_info_msgpack.TestCustomizedInfoMsgpack" name="test_nested_json_values_round_trip" time="0.000" /><testcase classname="registered.unit.managers.test_customized_info_msgpack.TestCustomizedInfoMsgpack" name="test_none_round_trips" time="0.000" /><testcase classname="registered.unit.managers.test_customized_info_msgpack.TestCustomizedInfoMsgpack" name="test_pickle_preserves_non_native_values" time="0.003" /><testcase classname="registered.unit.managers.test_msgpack_ipc_roundtrip.TestMsgpackIpcRoundtrip" name="test_backup_dram_req_is_narrowed" time="0.000" /><testcase classname="registered.unit.managers.test_msgpack_ipc_roundtrip.TestMsgpackIpcRoundtrip" name="test_check_weights_mirrors_match_pydantic_models" time="0.000" /><testcase classname="registered.unit.managers.test_msgpack_ipc_roundtrip.TestMsgpackIpcRoundtrip" name="test_check_weights_multi_rank_payload" time="0.000" /><testcase classname="registered.unit.managers.test_msgpack_ipc_roundtrip.TestMsgpackIpcRoundtrip" name="test_check_weights_producer_conversion" time="0.000" /><testcase classname="registered.unit.managers.test_msgpack_ipc_roundtrip.TestMsgpackIpcRoundtrip" name="test_each_type_round_trips_natively" time="0.001" /><testcase classname="registered.unit.managers.test_msgpack_ipc_roundtrip.TestMsgpackIpcRoundtrip" name="test_get_internal_state_sanitizes_dataclass" time="0.000" /><testcase classname="registered.unit.managers.test_msgpack_ipc_roundtrip.TestMsgpackIpcRoundtrip" name="test_registry_is_empty" time="0.000" /><testcase classname="registered.unit.managers.test_msgpack_ipc_roundtrip.TestWeightVersionSpansRoundTrip" name="test_abort_req_carries_spans" time="0.000" /><testcase classname="registered.unit.managers.test_msgpack_ipc_roundtrip.TestWeightVersionSpansRoundTrip" name="test_abort_req_defaults_to_no_spans" time="0.000" /><testcase classname="registered.unit.managers.test_multi_tokenizer_mixin.TestMultiTokenizerMixin" name="test_batch_str_output_keeps_customized_info_rows" time="0.000" /><testcase classname="registered.unit.managers.test_multi_tokenizer_mixin.TestMultiTokenizerMixin" name="test_batch_str_output_keeps_weight_versions_nested_per_request" time="0.000" /><testcase classname="registered.unit.managers.test_multi_tokenizer_mixin.TestMultiTokenizerMixin" name="test_batch_str_output_preserves_cached_tokens_details" time="0.000" /><testcase classname="registered.unit.managers.test_multi_tokenizer_mixin.TestMultiTokenizerMixin" name="test_batch_str_output_slices_native_time_stats" time="0.000" /><testcase classname="registered.unit.managers.test_multi_tokenizer_mixin.TestMultiTokenizerMixin" name="test_batch_str_output_without_weight_versions_stays_none" time="0.000" /><testcase classname="registered.unit.managers.test_multi_tokenizer_mixin.TestMultiTokenizerMixin" name="test_get_tokenizer_worker_class_rejects_non_worker" time="0.000" /><testcase classname="registered.unit.managers.test_multi_tokenizer_mixin.TestMultiTokenizerMixin" name="test_get_tokenizer_worker_class_resolves_custom_class" time="0.000" /><testcase classname="registered.unit.managers.test_multi_tokenizer_mixin.TestMultiTokenizerMixin" name="test_get_tokenizer_worker_class_uses_default" time="0.000" /><testcase classname="registered.unit.disaggregation.test_kimi_k3_encoder_mode" name="test_kimi_k3_encoder_transfer_backend_auto_avoids_tp_fanout" time="0.000" /><testcase classname="registered.unit.disaggregation.test_kimi_k3_encoder_mode" name="test_epd_language_only_rejects_missing_dispatched_embedding" time="0.008" /><testcase classname="registered.unit.disaggregation.test_kimi_k3_encoder_mode" name="test_epd_rejection_reads_the_resolved_transfer_backend" time="0.219" /><testcase classname="registered.unit.disaggregation.test_kimi_k3_encoder_mode" name="test_epd_allows_local_processing_when_request_was_not_dispatched" time="0.002" /><testcase classname="registered.unit.disaggregation.test_kimi_k3_encoder_mode" name="test_kimi_k3_encoder_normalizes_pillow_images_to_media_dicts" time="0.000" /><testcase classname="registered.unit.disaggregation.test_kimi_k3_encoder_mode" name="test_kimi_k3_encoder_passes_media_dicts_to_image_processor" time="0.002" /><testcase classname="registered.unit.disaggregation.test_kimi_k3_encoder_mode" name="test_kimi_k3_epd_preprocess_preserves_raw_per_image_items" time="0.005" /><testcase classname="registered.unit.disaggregation.test_kimi_k3_encoder_mode" name="test_kimi_k3_epd_preserves_verified_content_identity" time="0.000" /><testcase classname="registered.unit.disaggregation.test_kimi_k3_encoder_mode" name="test_kimi_k3_epd_model_preprocessor_receives_image_processor" time="0.002" /><testcase classname="registered.unit.disaggregation.test_kimi_k3_encoder_mode" name="test_encoder_preprocessor_context_keeps_legacy_hooks_compatible" time="0.000" /><testcase classname="registered.unit.disaggregation.test_kimi_k3_encoder_mode" name="test_kimi_k3_epd_default_cpu_materialization_is_owner_only_and_exact" time="0.001" /><testcase classname="registered.unit.disaggregation.test_kimi_k3_encoder_mode" name="test_encoder_preprocess_materializes_only_local_size_balanced_items" time="0.000" /><testcase classname="registered.unit.disaggregation.test_kimi_k3_encoder_mode" name="test_raw_encoder_hash_includes_shape_and_dtype" time="0.000" /><testcase classname="registered.unit.disaggregation.test_kimi_k3_encoder_mode" name="test_kimi_k3_epd_selects_matching_jpeg_decode_mode[False-False]" time="0.001" /><testcase classname="registered.unit.disaggregation.test_kimi_k3_encoder_mode" name="test_kimi_k3_epd_selects_matching_jpeg_decode_mode[True-nvjpeg_fancy]" time="0.000" /><testcase classname="registered.unit.disaggregation.test_kimi_k3_encoder_mode" name="test_kimi_k3_epd_rejects_lazy_pil_decode_failure" time="0.004" /><testcase classname="registered.unit.disaggregation.test_kimi_k3_encoder_mode" name="test_kimi_k3_epd_verifies_content_hash_before_decode" time="0.001" /><testcase classname="registered.unit.disaggregation.test_kimi_k3_encoder_mode" name="test_epd_receiver_keeps_content_hash_aligned_with_image" time="0.000" /><testcase classname="registered.unit.disaggregation.test_kimi_k3_encoder_mode" name="test_epd_tokenizer_receiver_timeout_cancels_tasks_and_closes_socket" time="0.011" /><testcase classname="registered.unit.disaggregation.test_kimi_k3_encoder_mode" name="test_grpc_dispatch_cancellation_waits_for_blocking_calls" time="0.012" /><testcase classname="registered.unit.disaggregation.test_kimi_k3_encoder_mode" name="test_kimi_k3_epd_aggregates_original_image_sizes_in_part_order" time="0.000" /><testcase classname="registered.unit.disaggregation.test_kimi_k3_encoder_mode" name="test_epd_embedding_aggregation_rejects_invalid_part_metadata[0-0-num_parts must be a positive integer]" time="0.000" /><testcase classname="registered.unit.disaggregation.test_kimi_k3_encoder_mode" name="test_epd_embedding_aggregation_rejects_invalid_part_metadata[2--1-part_idx must be in]" time="0.000" /><testcase classname="registered.unit.disaggregation.test_kimi_k3_encoder_mode" name="test_epd_embedding_aggregation_rejects_invalid_part_metadata[2-2-part_idx must be in]" time="0.000" /><testcase classname="registered.unit.disaggregation.test_kimi_k3_encoder_mode" name="test_epd_embedding_aggregation_rejects_duplicate_and_inconsistent_parts" time="0.000" /><testcase classname="registered.unit.disaggregation.test_kimi_k3_encoder_mode" name="test_epd_scheduler_contains_invalid_embedding_part_metadata" time="0.001" /><testcase classname="registered.unit.disaggregation.test_kimi_k3_encoder_mode" name="test_epd_tokenizer_contains_duplicate_embedding_part" time="0.001" /><testcase classname="registered.unit.disaggregation.test_kimi_k3_encoder_mode" name="test_kimi_k3_encoder_prefers_grid_thws_and_uses_temporal_pool_length" time="0.000" /><testcase classname="registered.unit.disaggregation.test_kimi_k3_encoder_mode" name="test_kimi_k3_encoder_splits_cross_request_batch_into_single_grid_items" time="0.002" /><testcase classname="registered.unit.disaggregation.test_kimi_k3_encoder_mode" name="test_encoder_preprocessed_items_follow_dp_owner_selection_order" time="0.001" /><testcase classname="registered.unit.disaggregation.test_kimi_k3_encoder_mode" name="test_encoder_preprocessed_items_hash_individually" time="0.000" /><testcase classname="registered.unit.disaggregation.test_kimi_k3_encoder_mode" name="test_kimi_k3_encoder_only_wrapper_guards_language_tower_hooks" time="0.000" /><testcase classname="registered.unit.disaggregation.test_kimi_k3_encoder_mode" name="test_epd_scheduler_uses_token_ids_for_tokenized_mm_processors" time="0.000" /><testcase classname="registered.unit.disaggregation.test_kimi_k3_encoder_mode" name="test_epd_scheduler_ignores_foreign_error_part" time="0.000" /><testcase classname="registered.unit.disaggregation.test_kimi_k3_encoder_mode" name="test_epd_tokenizer_ignores_foreign_part_before_current_embedding" time="0.001" /><testcase classname="registered.unit.disaggregation.test_kimi_k3_encoder_mode" name="test_epd_scheduler_routes_many_requests_over_one_receive_socket" time="0.026" /><testcase classname="registered.unit.disaggregation.test_kimi_k3_encoder_mode" name="test_epd_receiver_startup_rejects_remote_rank_failure" time="0.001" /><testcase classname="registered.unit.disaggregation.test_kimi_k3_encoder_mode" name="test_epd_receiver_startup_shares_local_constructor_failure" time="0.001" /><testcase classname="registered.unit.disaggregation.test_kimi_k3_encoder_mode" name="test_epd_encoder_reuses_scheduler_zmq_peer" time="0.006" /><testcase classname="registered.unit.disaggregation.test_kimi_k3_encoder_mode" name="test_epd_encoder_pipelines_zero_copy_sends_per_peer" time="0.003" /><testcase classname="registered.unit.observability.test_trace.TestTraceFunctions" name="test_extract_trace_headers" time="0.000" /><testcase classname="registered.unit.observability.test_trace.TestTraceFunctions" name="test_extract_trace_headers_missing" time="0.000" /><testcase classname="registered.unit.observability.test_trace.TestTraceFunctions" name="test_get_cur_time_ns" time="0.000" /><testcase classname="registered.unit.observability.test_trace.TestTraceFunctions" name="test_get_global_tracing_enabled" time="0.000" /><testcase classname="registered.unit.observability.test_trace.TestTraceFunctions" name="test_global_trace_level_env_var" time="0.000" /><testcase classname="registered.unit.observability.test_trace.TestTraceFunctions" name="test_set_global_trace_level" time="0.000" /><testcase classname="registered.unit.observability.test_trace.TestTraceNullContext" name="test_null_object_pattern" time="0.000" /><testcase classname="registered.unit.observability.test_trace.TestSpanAttributes" name="test_constants_exist" time="0.000" /><testcase classname="registered.unit.observability.test_trace.TestGetHostId" name="test_from_mac_address" time="0.000" /><testcase classname="registered.unit.observability.test_trace.TestGetHostId" name="test_from_machine_id_file" time="0.001" /><testcase classname="registered.unit.observability.test_trace.TestGetHostId" name="test_from_machine_id_file_error" time="0.004" /><testcase classname="registered.unit.observability.test_trace.TestGetHostId" name="test_unknown_fallback" time="0.001" /><testcase classname="registered.unit.observability.test_trace.TestGetOtlpSpanExporter" name="test_grpc_default" time="0.005" /><testcase classname="registered.unit.observability.test_trace.TestGetOtlpSpanExporter" name="test_http_protobuf" time="0.001" /><testcase classname="registered.unit.observability.test_trace.TestGetOtlpSpanExporter" name="test_invalid_protocol" time="0.000" /><testcase classname="registered.unit.observability.test_trace.TestProcessTracingInit" name="test_raises_without_otel" time="0.000" /><testcase classname="registered.unit.observability.test_trace.TestTraceReqContextDisabled" name="test_getstate_disabled" time="0.000" /><testcase classname="registered.unit.observability.test_trace.TestTraceReqContextDisabled" name="test_init_disabled" time="0.000" /><testcase classname="registered.unit.observability.test_trace.TestTraceReqContextDisabled" name="test_setstate_disabled" time="0.000" /><testcase classname="registered.unit.observability.test_trace.TestTraceReqContextEnabled" name="test_abort_with_abort_info_dict" time="0.001" /><testcase classname="registered.unit.observability.test_trace.TestTraceReqContextEnabled" name="test_abort_with_base_finish_reason" time="0.002" /><testcase classname="registered.unit.observability.test_trace.TestTraceReqContextEnabled" name="test_abort_with_events_cache" time="0.001" /><testcase classname="registered.unit.observability.test_trace.TestTraceReqContextEnabled" name="test_abort_with_unclosed_slices" time="0.001" /><testcase classname="registered.unit.observability.test_trace.TestTraceReqContextEnabled" name="test_check_fast_return_by_level" time="0.001" /><testcase classname="registered.unit.observability.test_trace.TestTraceReqContextEnabled" name="test_del_triggers_abort" time="0.001" /><testcase classname="registered.unit.observability.test_trace.TestTraceReqContextEnabled" name="test_events_cache_partial_match" time="0.001" /><testcase classname="registered.unit.observability.test_trace.TestTraceReqContextEnabled" name="test_full_lifecycle" time="0.001" /><testcase classname="registered.unit.observability.test_trace.TestTraceReqContextEnabled" name="test_getstate_enabled" time="0.001" /><testcase classname="registered.unit.observability.test_trace.TestTraceReqContextEnabled" name="test_getstate_no_root_context" time="0.001" /><testcase classname="registered.unit.observability.test_trace.TestTraceReqContextEnabled" name="test_getstate_with_slice_stack" time="0.001" /><testcase classname="registered.unit.observability.test_trace.TestTraceReqContextEnabled" name="test_module_filtering" time="0.001" /><testcase classname="registered.unit.observability.test_trace.TestTraceReqContextEnabled" name="test_nested_slice_with_last_span_context" time="0.001" /><testcase classname="registered.unit.observability.test_trace.TestTraceReqContextEnabled" name="test_nested_slices" time="0.001" /><testcase classname="registered.unit.observability.test_trace.TestTraceReqContextEnabled" name="test_rebuild_thread_context" time="0.001" /><testcase classname="registered.unit.observability.test_trace.TestTraceReqContextEnabled" name="test_setstate_accepts_legacy_integer_ids" time="0.001" /><testcase classname="registered.unit.observability.test_trace.TestTraceReqContextEnabled" name="test_setstate_enabled" time="0.001" /><testcase classname="registered.unit.observability.test_trace.TestTraceReqContextEnabled" name="test_setstate_with_last_span_context" time="0.001" /><testcase classname="registered.unit.observability.test_trace.TestTraceReqContextEnabled" name="test_state_round_trip_with_128_bit_ids" time="0.001" /><testcase classname="registered.unit.observability.test_trace.TestTraceReqContextEnabled" name="test_thread_context_with_tp_rank" time="0.001" /><testcase classname="registered.unit.observability.test_trace.TestTraceReqContextEnabled" name="test_trace_event_no_attrs" time="0.001" /><testcase classname="registered.unit.observability.test_trace.TestTraceReqContextEnabled" name="test_trace_req_start_with_bootstrap_room" time="0.001" /><testcase classname="registered.unit.observability.test_trace.TestTraceReqContextEnabled" name="test_trace_set_thread_info" time="0.001" /><testcase classname="registered.unit.observability.test_trace.TestTraceReqContextEnabled" name="test_trace_slice_combined" time="0.001" /><testcase classname="registered.unit.observability.test_trace.TestTraceReqContextEnabled" name="test_trace_slice_combined_events_partial_match" time="0.001" /><testcase classname="registered.unit.observability.test_trace.TestTraceReqContextEnabled" name="test_trace_slice_combined_with_events_cache" time="0.001" /><testcase classname="registered.unit.observability.test_trace.TestTraceReqContextEnabled" name="test_trace_slice_combined_with_thread_finish" time="0.001" /><testcase classname="registered.unit.observability.test_trace.TestTraceReqContextEnabled" name="test_trace_slice_end_empty_stack" time="0.001" /><testcase classname="registered.unit.observability.test_trace.TestTraceReqContextEnabled" name="test_trace_slice_end_name_mismatch" time="0.001" /><testcase classname="registered.unit.observability.test_trace.TestTraceReqContextEnabled" name="test_trace_slice_end_with_attrs_and_thread_finish" time="0.001" /><testcase classname="registered.unit.observability.test_trace.TestTraceReqContextEnabled" name="test_trace_slice_nested_parent" time="0.001" /><testcase classname="registered.unit.observability.test_trace.TestTraceReqContextEnabled" name="test_trace_slice_with_events_cache" time="0.001" /><testcase classname=".TestDisaggTracePropagation" name="test_build_disagg_req_falls_back_when_tracing_off" time="0.001" /><testcase classname=".TestDisaggTracePropagation" name="test_build_disagg_req_installs_rebuilt_ctx" time="0.003" /><testcase classname=".TestDisaggTracePropagation" name="test_build_disagg_req_rebuilds_generator_list" time="0.001" /><testcase classname=".TestDisaggTracePropagation" name="test_tracing_disabled_omits_trace_state" time="0.000" /><testcase classname=".TestDisaggTracePropagation" name="test_tracing_enabled_state_roundtrip" time="0.002" /><testcase classname=".TestDisaggTracePropagation" name="test_transfer_keeps_seed_needed_to_rebuild_generator" time="0.000" /></testsuite></testsuites>