<?xml version="1.0" encoding="utf-8"?><testsuites name="pytest tests"><testsuite name="pytest" errors="0" failures="0" skipped="0" tests="5" time="12.712" timestamp="2026-09-12T14:19:32.634916+00:00" hostname="gbt350-odcdh1-a08-1.png-odc.dcgpu"><testcase classname="registered.unit.models.test_glm5_next_modelopt.TestGlm5NextModelOpt" name="test_checkpoint_exclusions_match_sglang_module_names" time="0.005" /><testcase classname="registered.unit.models.test_glm5_next_modelopt.TestGlm5NextModelOpt" name="test_nvidia_mixed_precision_shared_experts_disable_fusion" time="0.001" /><testcase classname="registered.unit.models.test_glm5_next_modelopt.TestGlm5NextModelOpt" name="test_radixark_uniform_fp4_shared_experts_keep_fusion" time="0.005" /></testsuite></testsuites>