<?xml version="1.0" encoding="utf-8"?><testsuites name="pytest tests"><testsuite name="pytest" errors="0" failures="0" skipped="0" tests="4" time="11.379" timestamp="2026-09-12T14:19:16.228760+00:00" hostname="gbt350-odcdh1-a08-1.png-odc.dcgpu"><testcase classname="registered.unit.models.test_shared_experts_fusion_gates.TestGlmMoeGate" name="test_a_w4afp8_checkpoint_cannot_fuse" time="0.361" /><testcase classname="registered.unit.models.test_shared_experts_fusion_gates.TestGlmMoeGate" name="test_glm52_mixed_precision_shared_experts_cannot_fuse" time="0.002" /><testcase classname="registered.unit.models.test_shared_experts_fusion_gates.TestGlmMoeGate" name="test_glm52_uniform_fp4_experts_are_not_rejected_as_mixed_precision" time="0.002" /><testcase classname="registered.unit.models.test_shared_experts_fusion_gates.TestGlmMoeGate" name="test_the_dsa_variant_declares_its_own_architecture" time="0.000" /></testsuite></testsuites>