============================= test session starts ==============================
platform linux -- Python 3.10.12, pytest-9.0.3, pluggy-1.6.0 -- /opt/venv/bin/python
cachedir: .pytest_cache
hypothesis profile 'default'
rootdir: /job/sglang-pr38226/python
configfile: pyproject.toml
plugins: hypothesis-6.150.2, anyio-4.14.2
collecting ... collected 11 items

python/sglang/multimodal_gen/test/unit/test_longlive2_pipeline_config.py::TestLongLive2AdjustNumFrames::test_keeps_frames_when_latents_match_causal_block PASSED [  9%]
python/sglang/multimodal_gen/test/unit/test_longlive2_pipeline_config.py::TestLongLive2AdjustNumFrames::test_preserves_bf16_vae_decode_precision PASSED [ 18%]
python/sglang/multimodal_gen/test/unit/test_longlive2_pipeline_config.py::TestLongLive2AdjustNumFrames::test_reuses_wan_temporal_frame_adjustment PASSED [ 27%]
python/sglang/multimodal_gen/test/unit/test_longlive2_pipeline_config.py::TestLongLive2AdjustNumFrames::test_rounds_to_causal_block_aligned_latents PASSED [ 36%]
python/sglang/multimodal_gen/test/unit/test_longlive2_causal_frame_admission.py::test_valid_frame_counts_preserve_latent_length[29-8-1] PASSED [ 45%]
python/sglang/multimodal_gen/test/unit/test_longlive2_causal_frame_admission.py::test_valid_frame_counts_preserve_latent_length[61-16-2] PASSED [ 54%]
python/sglang/multimodal_gen/test/unit/test_longlive2_causal_frame_admission.py::test_valid_frame_counts_preserve_latent_length[93-24-3] PASSED [ 63%]
python/sglang/multimodal_gen/test/unit/test_longlive2_causal_frame_admission.py::test_unadjusted_frame_counts_fail_before_denoising[65] PASSED [ 72%]
python/sglang/multimodal_gen/test/unit/test_longlive2_causal_frame_admission.py::test_unadjusted_frame_counts_fail_before_denoising[66] PASSED [ 81%]
python/sglang/multimodal_gen/test/unit/test_longlive2_causal_frame_admission.py::test_invalid_latent_frames_fail_before_denoising[7] PASSED [ 90%]
python/sglang/multimodal_gen/test/unit/test_longlive2_causal_frame_admission.py::test_invalid_latent_frames_fail_before_denoising[9] PASSED [100%]

=============================== warnings summary ===============================
../../opt/venv/lib/python3.10/site-packages/Cython/Distutils/old_build_ext.py:15
../../opt/venv/lib/python3.10/site-packages/Cython/Distutils/old_build_ext.py:15
  /opt/venv/lib/python3.10/site-packages/Cython/Distutils/old_build_ext.py:15: DeprecationWarning: dep_util is Deprecated. Use functions from setuptools instead.
    from distutils.dep_util import newer, newer_group

-- Docs: https://docs.pytest.org/en/stable/how-to/capture-warnings.html
======================== 11 passed, 2 warnings in 0.90s ========================
