<?xml version="1.0" encoding="utf-8"?><testsuites name="pytest tests"><testsuite name="pytest" errors="0" failures="0" skipped="43" tests="43" time="13.990" timestamp="2026-09-12T17:30:26.366949+00:00" hostname="gbt350-odcdh1-a08-1.png-odc.dcgpu"><testcase classname="registered.unit.hardware_backend.mlx.test_attention_patching.TestMlxAttentionPatching" name="test_alias_head_names_are_supported" time="0.000"><skipped type="pytest.skip" message="requires mlx">/job/repo/test/registered/unit/hardware_backend/mlx/test_attention_patching.py:204: requires mlx</skipped></testcase><testcase classname="registered.unit.hardware_backend.mlx.test_attention_patching.TestMlxAttentionPatching" name="test_aot_rope_kernel_build_uses_head_aliases" time="0.000"><skipped type="pytest.skip" message="requires mlx">/job/repo/test/registered/unit/hardware_backend/mlx/test_attention_patching.py:213: requires mlx</skipped></testcase><testcase classname="registered.unit.hardware_backend.mlx.test_attention_patching.TestMlxAttentionPatching" name="test_attn_config_rejects_heterogeneous_kv_shapes" time="0.000"><skipped type="pytest.skip" message="requires mlx">/job/repo/test/registered/unit/hardware_backend/mlx/test_attention_patching.py:321: requires mlx</skipped></testcase><testcase classname="registered.unit.hardware_backend.mlx.test_attention_patching.TestMlxAttentionPatching" name="test_attn_config_rejects_sliding_window_attention" time="0.000"><skipped type="pytest.skip" message="requires mlx">/job/repo/test/registered/unit/hardware_backend/mlx/test_attention_patching.py:339: requires mlx</skipped></testcase><testcase classname="registered.unit.hardware_backend.mlx.test_attention_patching.TestMlxAttentionPatching" name="test_attn_config_uses_float_dtype_for_quantized_projection" time="0.000"><skipped type="pytest.skip" message="requires mlx">/job/repo/test/registered/unit/hardware_backend/mlx/test_attention_patching.py:304: requires mlx</skipped></testcase><testcase classname="registered.unit.hardware_backend.mlx.test_attention_patching.TestMlxAttentionPatching" name="test_auxiliary_state_model_returns_per_layer_attention_attrs" time="0.000"><skipped type="pytest.skip" message="requires mlx">/job/repo/test/registered/unit/hardware_backend/mlx/test_attention_patching.py:232: requires mlx</skipped></testcase><testcase classname="registered.unit.hardware_backend.mlx.test_attention_patching.TestMlxAttentionPatching" name="test_cache_layout_separates_attention_and_auxiliary_layers" time="0.000"><skipped type="pytest.skip" message="requires mlx">/job/repo/test/registered/unit/hardware_backend/mlx/test_attention_patching.py:248: requires mlx</skipped></testcase><testcase classname="registered.unit.hardware_backend.mlx.test_attention_patching.TestMlxAttentionPatching" name="test_gated_query_projection_keeps_attention_width" time="0.000"><skipped type="pytest.skip" message="requires mlx">/job/repo/test/registered/unit/hardware_backend/mlx/test_attention_patching.py:261: requires mlx</skipped></testcase><testcase classname="registered.unit.hardware_backend.mlx.test_attention_patching.TestMlxAttentionPatching" name="test_gemma4_native_cache_accepts_yoco_short_cache_list" time="0.000"><skipped type="pytest.skip" message="requires mlx">/job/repo/test/registered/unit/hardware_backend/mlx/test_attention_patching.py:114: requires mlx</skipped></testcase><testcase classname="registered.unit.hardware_backend.mlx.test_attention_patching.TestMlxAttentionPatching" name="test_gemma4_native_cache_decode_keeps_requests_independent" time="0.000"><skipped type="pytest.skip" message="requires mlx">/job/repo/test/registered/unit/hardware_backend/mlx/test_attention_patching.py:146: requires mlx</skipped></testcase><testcase classname="registered.unit.hardware_backend.mlx.test_attention_patching.TestMlxAttentionPatching" name="test_gemma4_native_cache_is_released_when_request_finishes" time="0.000"><skipped type="pytest.skip" message="requires mlx">/job/repo/test/registered/unit/hardware_backend/mlx/test_attention_patching.py:169: requires mlx</skipped></testcase><testcase classname="registered.unit.hardware_backend.mlx.test_attention_patching.TestMlxAttentionPatching" name="test_gemma4_native_cache_rejects_unsafe_scheduler_features" time="0.000"><skipped type="pytest.skip" message="requires mlx">/job/repo/test/registered/unit/hardware_backend/mlx/test_attention_patching.py:124: requires mlx</skipped></testcase><testcase classname="registered.unit.hardware_backend.mlx.test_attention_patching.TestMlxAttentionPatching" name="test_gemma4_public_and_text_wrappers_use_native_cache" time="0.000"><skipped type="pytest.skip" message="requires mlx">/job/repo/test/registered/unit/hardware_backend/mlx/test_attention_patching.py:99: requires mlx</skipped></testcase><testcase classname="registered.unit.hardware_backend.mlx.test_attention_patching.TestMlxAttentionPatching" name="test_standard_attention_is_patched_once" time="0.000"><skipped type="pytest.skip" message="requires mlx">/job/repo/test/registered/unit/hardware_backend/mlx/test_attention_patching.py:187: requires mlx</skipped></testcase><testcase classname="registered.unit.hardware_backend.mlx.test_attention_patching.TestMlxAttentionPatching" name="test_write_token_grows_buffer_past_max_seq_len" time="0.000"><skipped type="pytest.skip" message="requires mlx">/job/repo/test/registered/unit/hardware_backend/mlx/test_attention_patching.py:279: requires mlx</skipped></testcase><testcase classname="registered.unit.hardware_backend.mlx.test_attention_patching.TestMlxAuxiliaryStateRunnerCache" name="test_arrays_cache_auxiliary_batching_uses_fast_merge" time="0.000"><skipped type="pytest.skip" message="requires mlx">/job/repo/test/registered/unit/hardware_backend/mlx/test_attention_patching.py:717: requires mlx</skipped></testcase><testcase classname="registered.unit.hardware_backend.mlx.test_attention_patching.TestMlxAuxiliaryStateRunnerCache" name="test_auxiliary_decode_uses_hybrid_batching_for_multi_request" time="0.000"><skipped type="pytest.skip" message="requires mlx">/job/repo/test/registered/unit/hardware_backend/mlx/test_attention_patching.py:662: requires mlx</skipped></testcase><testcase classname="registered.unit.hardware_backend.mlx.test_attention_patching.TestMlxAuxiliaryStateRunnerCache" name="test_auxiliary_layer_batches_mergeable_native_cache" time="0.000"><skipped type="pytest.skip" message="requires mlx">/job/repo/test/registered/unit/hardware_backend/mlx/test_attention_patching.py:692: requires mlx</skipped></testcase><testcase classname="registered.unit.hardware_backend.mlx.test_attention_patching.TestMlxAuxiliaryStateRunnerCache" name="test_auxiliary_layer_split_back_copies_cache_metadata" time="0.000"><skipped type="pytest.skip" message="requires mlx">/job/repo/test/registered/unit/hardware_backend/mlx/test_attention_patching.py:746: requires mlx</skipped></testcase><testcase classname="registered.unit.hardware_backend.mlx.test_attention_patching.TestMlxAuxiliaryStateRunnerCache" name="test_auxiliary_state_component_frees_duplicate_live_slot" time="0.000"><skipped type="pytest.skip" message="requires mlx">/job/repo/test/registered/unit/hardware_backend/mlx/test_attention_patching.py:1164: requires mlx</skipped></testcase><testcase classname="registered.unit.hardware_backend.mlx.test_attention_patching.TestMlxAuxiliaryStateRunnerCache" name="test_auxiliary_state_component_frees_stale_track_slot_when_live_slot_inserted" time="0.000"><skipped type="pytest.skip" message="requires mlx">/job/repo/test/registered/unit/hardware_backend/mlx/test_attention_patching.py:1123: requires mlx</skipped></testcase><testcase classname="registered.unit.hardware_backend.mlx.test_attention_patching.TestMlxAuxiliaryStateRunnerCache" name="test_auxiliary_state_component_inserts_tracked_slot_and_frees_live_slot" time="0.000"><skipped type="pytest.skip" message="requires mlx">/job/repo/test/registered/unit/hardware_backend/mlx/test_attention_patching.py:1044: requires mlx</skipped></testcase><testcase classname="registered.unit.hardware_backend.mlx.test_attention_patching.TestMlxAuxiliaryStateRunnerCache" name="test_auxiliary_state_component_unfinished_frees_tracked_source_slot" time="0.000"><skipped type="pytest.skip" message="requires mlx">/job/repo/test/registered/unit/hardware_backend/mlx/test_attention_patching.py:1084: requires mlx</skipped></testcase><testcase classname="registered.unit.hardware_backend.mlx.test_attention_patching.TestMlxAuxiliaryStateRunnerCache" name="test_auxiliary_state_pool_restores_instance_meta_state" time="0.000"><skipped type="pytest.skip" message="requires mlx">/job/repo/test/registered/unit/hardware_backend/mlx/test_attention_patching.py:980: requires mlx</skipped></testcase><testcase classname="registered.unit.hardware_backend.mlx.test_attention_patching.TestMlxAuxiliaryStateRunnerCache" name="test_auxiliary_state_pool_returns_unused_group_slots" time="0.000"><skipped type="pytest.skip" message="requires mlx">/job/repo/test/registered/unit/hardware_backend/mlx/test_attention_patching.py:970: requires mlx</skipped></testcase><testcase classname="registered.unit.hardware_backend.mlx.test_attention_patching.TestMlxAuxiliaryStateRunnerCache" name="test_auxiliary_state_pool_tracks_scheduler_slots_and_snapshots" time="0.000"><skipped type="pytest.skip" message="requires mlx">/job/repo/test/registered/unit/hardware_backend/mlx/test_attention_patching.py:952: requires mlx</skipped></testcase><testcase classname="registered.unit.hardware_backend.mlx.test_attention_patching.TestMlxAuxiliaryStateRunnerCache" name="test_auxiliary_state_prefill_advances_tracked_boundary_after_cached_prefix" time="0.000"><skipped type="pytest.skip" message="requires mlx">/job/repo/test/registered/unit/hardware_backend/mlx/test_attention_patching.py:881: requires mlx</skipped></testcase><testcase classname="registered.unit.hardware_backend.mlx.test_attention_patching.TestMlxAuxiliaryStateRunnerCache" name="test_auxiliary_state_prefill_restores_prefix_state" time="0.000"><skipped type="pytest.skip" message="requires mlx">/job/repo/test/registered/unit/hardware_backend/mlx/test_attention_patching.py:767: requires mlx</skipped></testcase><testcase classname="registered.unit.hardware_backend.mlx.test_attention_patching.TestMlxAuxiliaryStateRunnerCache" name="test_auxiliary_state_prefill_tracks_chunk_aligned_auxiliary_state" time="0.000"><skipped type="pytest.skip" message="requires mlx">/job/repo/test/registered/unit/hardware_backend/mlx/test_attention_patching.py:826: requires mlx</skipped></testcase><testcase classname="registered.unit.hardware_backend.mlx.test_attention_patching.TestMlxAuxiliaryStateRunnerCache" name="test_auxiliary_state_req_pool_can_keep_tracked_auxiliary_slot" time="0.000"><skipped type="pytest.skip" message="requires mlx">/job/repo/test/registered/unit/hardware_backend/mlx/test_attention_patching.py:1025: requires mlx</skipped></testcase><testcase classname="registered.unit.hardware_backend.mlx.test_attention_patching.TestMlxAuxiliaryStateRunnerCache" name="test_auxiliary_state_req_pool_maps_request_indices" time="0.000"><skipped type="pytest.skip" message="requires mlx">/job/repo/test/registered/unit/hardware_backend/mlx/test_attention_patching.py:997: requires mlx</skipped></testcase><testcase classname="registered.unit.hardware_backend.mlx.test_attention_patching.TestMlxAuxiliaryStateRunnerCache" name="test_batched_decode_context_resolves_aot_rope_slots_from_request_ids" time="0.000"><skipped type="pytest.skip" message="requires mlx">/job/repo/test/registered/unit/hardware_backend/mlx/test_attention_patching.py:609: requires mlx</skipped></testcase><testcase classname="registered.unit.hardware_backend.mlx.test_attention_patching.TestMlxAuxiliaryStateRunnerCache" name="test_cache_arrays_flattens_native_array_cache_state" time="0.000"><skipped type="pytest.skip" message="requires mlx">/job/repo/test/registered/unit/hardware_backend/mlx/test_attention_patching.py:944: requires mlx</skipped></testcase><testcase classname="registered.unit.hardware_backend.mlx.test_attention_patching.TestMlxAuxiliaryStateRunnerCache" name="test_decode_finalize_does_not_snapshot_auxiliary_state" time="0.000"><skipped type="pytest.skip" message="requires mlx">/job/repo/test/registered/unit/hardware_backend/mlx/test_attention_patching.py:539: requires mlx</skipped></testcase><testcase classname="registered.unit.hardware_backend.mlx.test_attention_patching.TestMlxAuxiliaryStateRunnerCache" name="test_dense_batched_attention_helper_supports_single_request" time="0.000"><skipped type="pytest.skip" message="requires mlx">/job/repo/test/registered/unit/hardware_backend/mlx/test_attention_patching.py:575: requires mlx</skipped></testcase><testcase classname="registered.unit.hardware_backend.mlx.test_attention_patching.TestMlxAuxiliaryStateRunnerCache" name="test_dense_chained_decode_uses_batched_attention_for_single_request" time="0.001"><skipped type="pytest.skip" message="requires mlx">/job/repo/test/registered/unit/hardware_backend/mlx/test_attention_patching.py:468: requires mlx</skipped></testcase><testcase classname="registered.unit.hardware_backend.mlx.test_attention_patching.TestMlxAuxiliaryStateRunnerCache" name="test_dense_decode_uses_batched_attention_for_single_and_multi_request" time="0.000"><skipped type="pytest.skip" message="requires mlx">/job/repo/test/registered/unit/hardware_backend/mlx/test_attention_patching.py:423: requires mlx</skipped></testcase><testcase classname="registered.unit.hardware_backend.mlx.test_attention_patching.TestMlxAuxiliaryStateRunnerCache" name="test_dense_prefill_keeps_pool_backed_radix_path" time="0.000"><skipped type="pytest.skip" message="requires mlx">/job/repo/test/registered/unit/hardware_backend/mlx/test_attention_patching.py:358: requires mlx</skipped></testcase><testcase classname="registered.unit.hardware_backend.mlx.test_attention_patching.TestMlxAuxiliaryStateRunnerCache" name="test_mlx_scheduler_init_overlap_keeps_future_map_relay" time="0.000"><skipped type="pytest.skip" message="requires mlx">/job/repo/test/registered/unit/hardware_backend/mlx/test_attention_patching.py:498: requires mlx</skipped></testcase><testcase classname="registered.unit.hardware_backend.mlx.test_attention_patching.TestMlxAuxiliaryStateRunnerCache" name="test_store_auxiliary_state_for_request_snapshots_on_demand" time="0.000"><skipped type="pytest.skip" message="requires mlx">/job/repo/test/registered/unit/hardware_backend/mlx/test_attention_patching.py:560: requires mlx</skipped></testcase><testcase classname="registered.unit.hardware_backend.mlx.test_attention_patching.TestMlxOverlapScheduler" name="test_finalize_pending_job_updates_scheduler_last_batch" time="0.000"><skipped type="pytest.skip" message="requires mlx">/job/repo/test/registered/unit/hardware_backend/mlx/test_attention_patching.py:1199: requires mlx</skipped></testcase><testcase classname="registered.unit.hardware_backend.mlx.test_attention_patching.TestMlxOverlapScheduler" name="test_finished_request_snapshots_before_release" time="0.000"><skipped type="pytest.skip" message="requires mlx">/job/repo/test/registered/unit/hardware_backend/mlx/test_attention_patching.py:1280: requires mlx</skipped></testcase><testcase classname="registered.unit.hardware_backend.mlx.test_attention_patching.TestMlxOverlapScheduler" name="test_overlap_loop_materializes_prefill_input_ids" time="0.000"><skipped type="pytest.skip" message="requires mlx">/job/repo/test/registered/unit/hardware_backend/mlx/test_attention_patching.py:1228: requires mlx</skipped></testcase></testsuite></testsuites>