<?xml version="1.0" encoding="utf-8"?><testsuites name="pytest tests"><testsuite name="pytest" errors="0" failures="0" skipped="0" tests="3" time="4.220" timestamp="2026-09-12T17:29:13.235216+00:00" hostname="gbt350-odcdh1-a08-1.png-odc.dcgpu"><testcase classname="registered.unit.hardware_backend.mlx.test_gemma4_native_cache_policy.TestGemma4NativeCachePolicy" name="test_all_unsafe_features_are_reported_together" time="0.001" /><testcase classname="registered.unit.hardware_backend.mlx.test_gemma4_native_cache_policy.TestGemma4NativeCachePolicy" name="test_conservative_configuration_is_accepted" time="0.000" /><testcase classname="registered.unit.hardware_backend.mlx.test_gemma4_native_cache_policy.TestGemma4NativeCachePolicy" name="test_public_wrapper_and_text_backbone_are_recognized" time="0.000" /></testsuite></testsuites>