<?xml version="1.0" encoding="utf-8"?><testsuites name="pytest tests"><testsuite name="pytest" errors="0" failures="0" skipped="0" tests="22" time="12.165" timestamp="2026-09-10T01:32:05.900791+00:00" hostname="banff-cyxtera-cx57-5"><testcase classname="registered.kernels.ops.diffusion.test_norm_flydsl" name="test_flydsl_fused_residual_norm_scale_shift[rms-1-16-True-True-bcast]" time="1.790" /><testcase classname="registered.kernels.ops.diffusion.test_norm_flydsl" name="test_flydsl_fused_residual_norm_scale_shift[rms-2-16-True-True-bcast]" time="0.003" /><testcase classname="registered.kernels.ops.diffusion.test_norm_flydsl" name="test_flydsl_fused_residual_norm_scale_shift[layer-2-16-True-True-bcast]" time="0.137" /><testcase classname="registered.kernels.ops.diffusion.test_norm_flydsl" name="test_flydsl_fused_residual_norm_scale_shift[rms-1-90000-True-True-bcast]" time="0.407" /><testcase classname="registered.kernels.ops.diffusion.test_norm_flydsl" name="test_flydsl_fused_residual_norm_scale_shift[rms-2-16-False-True-bcast]" time="0.202" /><testcase classname="registered.kernels.ops.diffusion.test_norm_flydsl" name="test_flydsl_fused_residual_norm_scale_shift[layer-2-16-False-True-bcast]" time="0.211" /><testcase classname="registered.kernels.ops.diffusion.test_norm_flydsl" name="test_flydsl_fused_residual_norm_scale_shift[rms-2-16-True-False-bcast]" time="0.197" /><testcase classname="registered.kernels.ops.diffusion.test_norm_flydsl" name="test_flydsl_fused_residual_norm_scale_shift[layer-2-16-True-False-bcast]" time="0.214" /><testcase classname="registered.kernels.ops.diffusion.test_norm_flydsl" name="test_flydsl_fused_residual_norm_scale_shift[rms-2-16-True-True-perrow]" time="0.003" /><testcase classname="registered.kernels.ops.diffusion.test_norm_flydsl" name="test_flydsl_fused_residual_norm_scale_shift[layer-2-16-True-True-perrow]" time="0.003" /><testcase classname="registered.kernels.ops.diffusion.test_norm_flydsl" name="test_flydsl_norm_scale_shift[rms-2-16-True-bcast]" time="0.172" /><testcase classname="registered.kernels.ops.diffusion.test_norm_flydsl" name="test_flydsl_norm_scale_shift[layer-2-16-True-bcast]" time="0.184" /><testcase classname="registered.kernels.ops.diffusion.test_norm_flydsl" name="test_flydsl_norm_scale_shift[rms-1-90000-True-bcast]" time="0.017" /><testcase classname="registered.kernels.ops.diffusion.test_norm_flydsl" name="test_flydsl_norm_scale_shift[layer-1-90000-True-bcast]" time="0.018" /><testcase classname="registered.kernels.ops.diffusion.test_norm_flydsl" name="test_flydsl_norm_scale_shift[rms-2-16-False-bcast]" time="0.164" /><testcase classname="registered.kernels.ops.diffusion.test_norm_flydsl" name="test_flydsl_norm_scale_shift[layer-2-16-False-bcast]" time="0.174" /><testcase classname="registered.kernels.ops.diffusion.test_norm_flydsl" name="test_flydsl_norm_scale_shift[rms-2-16-True-perrow]" time="0.002" /><testcase classname="registered.kernels.ops.diffusion.test_norm_flydsl" name="test_flydsl_norm_scale_shift[layer-2-16-True-perrow]" time="0.002" /><testcase classname="registered.kernels.ops.diffusion.test_norm_flydsl" name="test_flydsl_fused_frame_gate_4d_scale_shift" time="0.002" /><testcase classname="registered.kernels.ops.diffusion.test_norm_flydsl" name="test_flydsl_multi_iteration_dim" time="0.194" /><testcase classname="registered.kernels.ops.diffusion.test_norm_flydsl" name="test_flydsl_compile_cache_reuse_across_row_counts_and_layouts" time="0.019" /><testcase classname="registered.kernels.ops.diffusion.test_norm_flydsl" name="test_flydsl_imports_without_flydsl_source_tree" time="4.246" /></testsuite></testsuites>