<?xml version="1.0" encoding="utf-8"?><testsuites name="pytest tests"><testsuite name="pytest" errors="0" failures="0" skipped="0" tests="5" time="11.255" timestamp="2026-09-12T14:08:13.153321+00:00" hostname="gbt350-odcdh1-a08-1.png-odc.dcgpu"><testcase classname="registered.attention.test_dsa_cuda_graph_context_boundary.TestDSACudaGraphContextBoundary" name="test_page_table_width_boundary_cases" time="0.052" /><testcase classname="registered.attention.test_dsa_cuda_graph_context_boundary.TestDSACudaGraphContextBoundary" name="test_target_verify_page_table_matches_req_to_token_row_width" time="0.059" /></testsuite></testsuites>