<?xml version="1.0" encoding="utf-8"?><testsuites name="pytest tests"><testsuite name="pytest" errors="0" failures="0" skipped="0" tests="21" time="9.098" timestamp="2026-09-12T09:08:37.529934+00:00" hostname="smci355-ccs-aus-n08-13"><testcase classname="registered.unit.model_executor.test_prefill_cuda_graph_runner.TestPrefillCudaGraphRunnerChunkedPrefix" name="test_buffers_are_shared_across_token_buckets" time="0.002" /><testcase classname="registered.unit.model_executor.test_prefill_cuda_graph_runner.TestPrefillCudaGraphRunnerChunkedPrefix" name="test_capture_allows_exact_memory_boundary" time="0.001" /><testcase classname="registered.unit.model_executor.test_prefill_cuda_graph_runner.TestPrefillCudaGraphRunnerChunkedPrefix" name="test_capture_fails_cleanly_when_first_bucket_has_low_memory" time="0.000" /><testcase classname="registered.unit.model_executor.test_prefill_cuda_graph_runner.TestPrefillCudaGraphRunnerChunkedPrefix" name="test_capture_stops_before_low_memory_bucket" time="0.000" /><testcase classname="registered.unit.model_executor.test_prefill_cuda_graph_runner.TestPrefillCudaGraphRunnerChunkedPrefix" name="test_default_attn_tp_sequence_sharded_uses_runtime_predicate" time="0.000" /><testcase classname="registered.unit.model_executor.test_prefill_cuda_graph_runner.TestPrefillCudaGraphRunnerChunkedPrefix" name="test_dummy_batch_sharding_tracks_forward_token_width" time="0.001" /><testcase classname="registered.unit.model_executor.test_prefill_cuda_graph_runner.TestPrefillCudaGraphRunnerChunkedPrefix" name="test_eagle_target_full_reaches_graph_construction" time="0.006" /><testcase classname="registered.unit.model_executor.test_prefill_cuda_graph_runner.TestPrefillCudaGraphRunnerChunkedPrefix" name="test_eagle_target_tc_piecewise_skips_last_mode_capture" time="0.001" /><testcase classname="registered.unit.model_executor.test_prefill_cuda_graph_runner.TestPrefillCudaGraphRunnerChunkedPrefix" name="test_low_free_memory_still_captures_prefill_graph" time="0.002" /><testcase classname="registered.unit.model_executor.test_prefill_cuda_graph_runner.TestPrefillCudaGraphRunnerChunkedPrefix" name="test_pp_proxy_output_is_trimmed_to_raw_prefill_tokens" time="0.000" /><testcase classname="registered.unit.model_executor.test_prefill_cuda_graph_runner.TestPrefillCudaGraphRunnerChunkedPrefix" name="test_prefix_chunk_capacity_is_aggregate_and_can_be_overridden" time="0.001" /><testcase classname="registered.unit.model_executor.test_prefill_cuda_graph_runner.TestPrefillCudaGraphRunnerChunkedPrefix" name="test_prefix_gate_only_applies_to_chunked_prefix_variant" time="0.000" /><testcase classname="registered.unit.model_executor.test_prefill_cuda_graph_runner.TestPrefillCudaGraphRunnerChunkedPrefix" name="test_static_batch_preserves_consumed_multimodal_embeddings" time="0.000" /><testcase classname="" name="test_hip_graph_matches_cpu_reference" time="0.897" /></testsuite></testsuites>