<?xml version="1.0" encoding="utf-8"?><testsuites name="pytest tests"><testsuite name="pytest" errors="0" failures="1" skipped="0" tests="1" time="9.176" timestamp="2026-09-12T12:52:53.610088+00:00" hostname="gbt350-odcdh1-a08-1.png-odc.dcgpu"><testcase classname="registered.unit.layers.test_dwdp_optional_cuda_import.TestDwdpOptionalCudaImport" name="test_public_import_without_cuda_bindings" time="5.187"><failure message="AssertionError: 1 != 0 : Traceback (most recent call last):&#10;  File &quot;&lt;string&gt;&quot;, line 15, in &lt;module&gt;&#10;  File &quot;&lt;string&gt;&quot;, line 12, in import_without_cuda&#10;  File &quot;/job/repo/python/sglang/srt/layers/moe/dwdp/__init__.py&quot;, line 3, in &lt;module&gt;&#10;    from sglang.srt.layers.moe.dwdp.dwdp_manager import DwdpManager&#10;  File &quot;&lt;string&gt;&quot;, line 12, in import_without_cuda&#10;  File &quot;/job/repo/python/sglang/srt/layers/moe/dwdp/dwdp_manager.py&quot;, line 17, in &lt;module&gt;&#10;    from sglang.srt.layers.moe.dwdp.transport import DWDPTransport&#10;  File &quot;&lt;string&gt;&quot;, line 12, in import_without_cuda&#10;  File &quot;/job/repo/python/sglang/srt/layers/moe/dwdp/transport.py&quot;, line 12, in &lt;module&gt;&#10;    from cuda.bindings import driver as cuda&#10;  File &quot;&lt;string&gt;&quot;, line 11, in import_without_cuda&#10;ModuleNotFoundError: No module named 'cuda'">self = &lt;test_dwdp_optional_cuda_import.TestDwdpOptionalCudaImport testMethod=test_public_import_without_cuda_bindings&gt;

    def test_public_import_without_cuda_bindings(self):
        result = self._run_import(
            """
            import builtins
            original_import = builtins.__import__
            def import_without_cuda(name, globals=None, locals=None, fromlist=(), level=0):
                importer = (globals or {}).get("__name__", "")
                if (name == "cuda" or name.startswith("cuda.")) and (
                    importer.startswith("sglang.srt.layers.moe.dwdp")
                    or importer == "sglang.srt.utils.cuda_vmm_utils"
                ):
                    raise ModuleNotFoundError("No module named 'cuda'", name="cuda")
                return original_import(name, globals, locals, fromlist, level)
            builtins.__import__ = import_without_cuda
            """,
            "assert page_pool.cuda is None; assert transport.cuda is None",
        )
&gt;       self.assertEqual(result.returncode, 0, result.stderr)
E       AssertionError: 1 != 0 : Traceback (most recent call last):
E         File "&lt;string&gt;", line 15, in &lt;module&gt;
E         File "&lt;string&gt;", line 12, in import_without_cuda
E         File "/job/repo/python/sglang/srt/layers/moe/dwdp/__init__.py", line 3, in &lt;module&gt;
E           from sglang.srt.layers.moe.dwdp.dwdp_manager import DwdpManager
E         File "&lt;string&gt;", line 12, in import_without_cuda
E         File "/job/repo/python/sglang/srt/layers/moe/dwdp/dwdp_manager.py", line 17, in &lt;module&gt;
E           from sglang.srt.layers.moe.dwdp.transport import DWDPTransport
E         File "&lt;string&gt;", line 12, in import_without_cuda
E         File "/job/repo/python/sglang/srt/layers/moe/dwdp/transport.py", line 12, in &lt;module&gt;
E           from cuda.bindings import driver as cuda
E         File "&lt;string&gt;", line 11, in import_without_cuda
E       ModuleNotFoundError: No module named 'cuda'

test/registered/unit/layers/test_dwdp_optional_cuda_import.py:52: AssertionError</failure></testcase></testsuite></testsuites>