<?xml version="1.0" encoding="utf-8"?><testsuites name="pytest tests"><testsuite name="pytest" errors="0" failures="0" skipped="0" tests="2" time="29.669" timestamp="2026-09-12T12:52:00.936140+00:00" hostname="gbt350-odcdh1-a08-1.png-odc.dcgpu"><testcase classname="registered.unit.layers.test_dwdp_optional_cuda_import.TestDwdpOptionalCudaImport" name="test_public_import_preserves_available_cuda_driver" time="12.602" /><testcase classname="registered.unit.layers.test_dwdp_optional_cuda_import.TestDwdpOptionalCudaImport" name="test_public_import_without_cuda_bindings" time="12.752" /></testsuite></testsuites>